{"name": "Generate Sales Order in IMS Application", "status": "failed", "statusDetails": {"message": "Failed: ‚ùå Sales Order test failed due to: Message: \nStacktrace:\nSymbols not available. Dumping unresolved backtrace:\n\t0x1124103\n\t0x1124144\n\t0xf2e71d\n\t0xf7a03d\n\t0xf7a41b\n\t0xfc17f2\n\t0xf9c954\n\t0xfbee17\n\t0xf9c706\n\t0xf6da30\n\t0xf6ed54\n\t0x13957b4\n\t0x139098a\n\t0x114c392\n\t0x113c4c8\n\t0x114324d\n\t0x112c478\n\t0x112c63c\n\t0x11167ca\n\t0x76075d49\n\t0x76ebd6db\n\t0x76ebd661", "trace": "setup = <selenium.webdriver.chrome.webdriver.WebDriver (session=\"cd0ce41dfc6419012d468abbb2e08fc9\")>\n\n    @allure.title(\"Generate Sales Order in IMS Application\")\n    @allure.description(\n        \"Logs in, navigates to Transactions ‚Üí Sales Transaction ‚Üí Sales Order, \"\n        \"fills Reference No, selects Customer, adds items via barcode, sets quantity, \"\n        \"adds remarks, and finally SAVES the order with verification.\"\n    )\n    def test_generate_sales_order(setup):\n        driver = setup\n        wait = WebDriverWait(driver, 30)\n        login = Login(driver)\n    \n        try:\n            # --- STEP 1: Login ---\n            driver.get(\"https://redmiims.variantqa.himshang.com.np/#/login\")\n            login.perform_login(\"Paras\", \"Ims@1234\")\n            print(\"‚úÖ Logged into IMS\")\n    \n            # Optional: Handle active session popup\n            try:\n                login.perform_logout()\n                login.perform_ok()\n            except Exception:\n                pass\n    \n            login.click_signin()\n            print(\"‚úÖ Clicked Sign In\")\n    \n            # --- STEP 2: Generate Sales Order ---\n            sales_order_page = SalesOrderPage(driver)\n>           sales_order_page.generate_sales_order()\n\nPYTEST\\tests\\Sales_Order_test.py:37: \n_ _ _ _ _ _ _ _ _ _ _ _ _ _ _ _ _ _ _ _ _ _ _ _ _ _ _ _ _ _ _ _ _ _ _ _ _ _ _ _ _ _ _ _ _ _ _ _ _ _ _ _ _ _ _ _ _ _ _ _ _ _ _ _ _ _ _ _ _ _ _ _ _ _ _ _ _ _ _ _ _ _ _ _ _ _ _ _ _ _\nPYTEST\\pages\\Sales_Order.py:174: in generate_sales_order\n    raise e\nPYTEST\\pages\\Sales_Order.py:51: in generate_sales_order\n    sales_order = wait.until(\n_ _ _ _ _ _ _ _ _ _ _ _ _ _ _ _ _ _ _ _ _ _ _ _ _ _ _ _ _ _ _ _ _ _ _ _ _ _ _ _ _ _ _ _ _ _ _ _ _ _ _ _ _ _ _ _ _ _ _ _ _ _ _ _ _ _ _ _ _ _ _ _ _ _ _ _ _ _ _ _ _ _ _ _ _ _ _ _ _ _\n\nself = <selenium.webdriver.support.wait.WebDriverWait (session=\"cd0ce41dfc6419012d468abbb2e08fc9\")>\nmethod = <function element_to_be_clickable.<locals>._predicate at 0x000001E60A08E160>, message = ''\n\n    def until(self, method: Callable[[D], Union[Literal[False], T]], message: str = \"\") -> T:\n        \"\"\"Wait until the method returns a value that is not False.\n    \n        Calls the method provided with the driver as an argument until the\n        return value does not evaluate to ``False``.\n    \n        Parameters:\n        -----------\n        method: callable(WebDriver)\n            - A callable object that takes a WebDriver instance as an argument.\n    \n        message: str\n            - Optional message for :exc:`TimeoutException`\n    \n        Return:\n        -------\n        object: T\n            - The result of the last call to `method`\n    \n        Raises:\n        -------\n        TimeoutException\n            - If 'method' does not return a truthy value within the WebDriverWait\n            object's timeout\n    \n        Example:\n        --------\n        >>> from selenium.webdriver.common.by import By\n        >>> from selenium.webdriver.support.ui import WebDriverWait\n        >>> from selenium.webdriver.support import expected_conditions as EC\n    \n        # Wait until an element is visible on the page\n        >>> wait = WebDriverWait(driver, 10)\n        >>> element = wait.until(EC.visibility_of_element_located((By.ID, \"exampleId\")))\n        >>> print(element.text)\n        \"\"\"\n        screen = None\n        stacktrace = None\n    \n        end_time = time.monotonic() + self._timeout\n        while True:\n            try:\n                value = method(self._driver)\n                if value:\n                    return value\n            except self._ignored_exceptions as exc:\n                screen = getattr(exc, \"screen\", None)\n                stacktrace = getattr(exc, \"stacktrace\", None)\n            if time.monotonic() > end_time:\n                break\n            time.sleep(self._poll)\n>       raise TimeoutException(message, screen, stacktrace)\nE       selenium.common.exceptions.TimeoutException: Message: \nE       Stacktrace:\nE       Symbols not available. Dumping unresolved backtrace:\nE       \t0x1124103\nE       \t0x1124144\nE       \t0xf2e71d\nE       \t0xf7a03d\nE       \t0xf7a41b\nE       \t0xfc17f2\nE       \t0xf9c954\nE       \t0xfbee17\nE       \t0xf9c706\nE       \t0xf6da30\nE       \t0xf6ed54\nE       \t0x13957b4\nE       \t0x139098a\nE       \t0x114c392\nE       \t0x113c4c8\nE       \t0x114324d\nE       \t0x112c478\nE       \t0x112c63c\nE       \t0x11167ca\nE       \t0x76075d49\nE       \t0x76ebd6db\nE       \t0x76ebd661\n\n.venv\\Lib\\site-packages\\selenium\\webdriver\\support\\wait.py:138: TimeoutException\n\nDuring handling of the above exception, another exception occurred:\n\nsetup = <selenium.webdriver.chrome.webdriver.WebDriver (session=\"cd0ce41dfc6419012d468abbb2e08fc9\")>\n\n    @allure.title(\"Generate Sales Order in IMS Application\")\n    @allure.description(\n        \"Logs in, navigates to Transactions ‚Üí Sales Transaction ‚Üí Sales Order, \"\n        \"fills Reference No, selects Customer, adds items via barcode, sets quantity, \"\n        \"adds remarks, and finally SAVES the order with verification.\"\n    )\n    def test_generate_sales_order(setup):\n        driver = setup\n        wait = WebDriverWait(driver, 30)\n        login = Login(driver)\n    \n        try:\n            # --- STEP 1: Login ---\n            driver.get(\"https://redmiims.variantqa.himshang.com.np/#/login\")\n            login.perform_login(\"Paras\", \"Ims@1234\")\n            print(\"‚úÖ Logged into IMS\")\n    \n            # Optional: Handle active session popup\n            try:\n                login.perform_logout()\n                login.perform_ok()\n            except Exception:\n                pass\n    \n            login.click_signin()\n            print(\"‚úÖ Clicked Sign In\")\n    \n            # --- STEP 2: Generate Sales Order ---\n            sales_order_page = SalesOrderPage(driver)\n            sales_order_page.generate_sales_order()\n    \n            print(\"üì¶ Sales Order generated successfully.\")\n    \n            # Screenshot on success\n            allure.attach(\n                driver.get_screenshot_as_png(),\n                name=\"Sales_Order_Success\",\n                attachment_type=allure.attachment_type.PNG\n            )\n            print(\"üì∏ Screenshot captured after successful Sales Order creation.\")\n    \n        except Exception as e:\n            # Screenshot on failure\n            allure.attach(\n                driver.get_screenshot_as_png(),\n                name=\"Sales_Order_Error\",\n                attachment_type=allure.attachment_type.PNG\n            )\n            allure.attach(\n                str(e),\n                name=\"Error_Details\",\n                attachment_type=allure.attachment_type.TEXT\n            )\n    \n>           pytest.fail(f\"‚ùå Sales Order test failed due to: {e}\")\nE           Failed: ‚ùå Sales Order test failed due to: Message: \nE           Stacktrace:\nE           Symbols not available. Dumping unresolved backtrace:\nE           \t0x1124103\nE           \t0x1124144\nE           \t0xf2e71d\nE           \t0xf7a03d\nE           \t0xf7a41b\nE           \t0xfc17f2\nE           \t0xf9c954\nE           \t0xfbee17\nE           \t0xf9c706\nE           \t0xf6da30\nE           \t0xf6ed54\nE           \t0x13957b4\nE           \t0x139098a\nE           \t0x114c392\nE           \t0x113c4c8\nE           \t0x114324d\nE           \t0x112c478\nE           \t0x112c63c\nE           \t0x11167ca\nE           \t0x76075d49\nE           \t0x76ebd6db\nE           \t0x76ebd661\n\nPYTEST\\tests\\Sales_Order_test.py:62: Failed"}, "description": "Logs in, navigates to Transactions ‚Üí Sales Transaction ‚Üí Sales Order, fills Reference No, selects Customer, adds items via barcode, sets quantity, adds remarks, and finally SAVES the order with verification.", "steps": [{"name": "Generate Sales Order", "status": "broken", "statusDetails": {"message": "selenium.common.exceptions.TimeoutException: Message: \nStacktrace:\nSymbols not available. Dumping unresolved backtrace:\n\t0x1124103\n\t0x1124144\n\t0xf2e71d\n\t0xf7a03d\n\t0xf7a41b\n\t0xfc17f2\n\t0xf9c954\n\t0xfbee17\n\t0xf9c706\n\t0xf6da30\n\t0xf6ed54\n\t0x13957b4\n\t0x139098a\n\t0x114c392\n\t0x113c4c8\n\t0x114324d\n\t0x112c478\n\t0x112c63c\n\t0x11167ca\n\t0x76075d49\n\t0x76ebd6db\n\t0x76ebd661\n\n", "trace": "  File \"d:\\Code Playground\\Selenium Tutorial\\.venv\\Lib\\site-packages\\allure_commons\\_allure.py\", line 202, in impl\n    return func(*a, **kw)\n  File \"D:\\Code Playground\\Selenium Tutorial\\PYTEST\\pages\\Sales_Order.py\", line 174, in generate_sales_order\n    raise e\n  File \"D:\\Code Playground\\Selenium Tutorial\\PYTEST\\pages\\Sales_Order.py\", line 51, in generate_sales_order\n    sales_order = wait.until(\n        EC.element_to_be_clickable((By.LINK_TEXT, \"Sales Order\"))\n    )\n  File \"d:\\Code Playground\\Selenium Tutorial\\.venv\\Lib\\site-packages\\selenium\\webdriver\\support\\wait.py\", line 138, in until\n    raise TimeoutException(message, screen, stacktrace)\n"}, "attachments": [{"name": "Sales_Order_Error", "source": "60002e11-750e-47aa-9824-7cfb9ae85869-attachment.png", "type": "image/png"}], "start": 1764585240915, "stop": 1764585276204}], "attachments": [{"name": "Sales_Order_Error", "source": "8e7881d4-827d-465b-ba63-8abcd5000ed3-attachment.png", "type": "image/png"}, {"name": "Error_Details", "source": "f9337568-1578-42ce-9cfb-3c423c5e5254-attachment.txt", "type": "text/plain"}, {"name": "Screenshot_test_generate_sales_order", "source": "4e37f3dc-e559-429e-b77c-7e9451d0653d-attachment.png", "type": "image/png"}], "start": 1764585234848, "stop": 1764585276436, "uuid": "61a1ff84-b05b-4114-93f2-7e3933ddedd8", "historyId": "35dab193a6ff69d868f27ea36d3a285e", "testCaseId": "35dab193a6ff69d868f27ea36d3a285e", "fullName": "PYTEST.tests.Sales_Order_test#test_generate_sales_order", "labels": [{"name": "parentSuite", "value": "PYTEST.tests"}, {"name": "suite", "value": "Sales_Order_test"}, {"name": "host", "value": "DESKTOP-FK66NC3"}, {"name": "thread", "value": "17620-MainThread"}, {"name": "framework", "value": "pytest"}, {"name": "language", "value": "cpython3"}, {"name": "package", "value": "PYTEST.tests.Sales_Order_test"}], "titlePath": ["PYTEST", "tests", "Sales_Order_test.py"]}