{"name": "Generate Credit Note Book Report in IMS Application", "status": "failed", "statusDetails": {"message": "Failed: ‚ùå Credit Note Book Report test failed due to: Message: element click intercepted: Element <button _ngcontent-dtv-c240=\"\" class=\"btn btn-default btn-info btn-auth\">...</button> is not clickable at point (983, 445). Other element would receive the click: <bs-modal-backdrop class=\"modal-backdrop fade\"></bs-modal-backdrop>\n  (Session info: chrome=142.0.7444.176); For documentation on this error, please visit: https://www.selenium.dev/documentation/webdriver/troubleshooting/errors#elementclickinterceptedexception\nStacktrace:\nSymbols not available. Dumping unresolved backtrace:\n\t0x894103\n\t0x894144\n\t0x69e71d\n\t0x6f0580\n\t0x6ee8e3\n\t0x6ec387\n\t0x6eb5fd\n\t0x6dfd65\n\t0x70c90c\n\t0x6df7c4\n\t0x70cac4\n\t0x72ee17\n\t0x70c706\n\t0x6dda30\n\t0x6ded54\n\t0xb057b4\n\t0xb0098a\n\t0x8bc392\n\t0x8ac4c8\n\t0x8b324d\n\t0x89c478\n\t0x89c63c\n\t0x8867ca\n\t0x76075d49\n\t0x76ebd6db\n\t0x76ebd661", "trace": "setup = <selenium.webdriver.chrome.webdriver.WebDriver (session=\"7deb32087c91a61b55d27706aa002d7e\")>\n\n    @allure.title(\"Generate Credit Note Book Report in IMS Application\")\n    @allure.description(\"Logs in, navigates to the Credit Note Book Report section, selects customer, and runs the report.\")\n    def test_generate_credit_note_book_report(setup):\n        driver = setup\n        wait = WebDriverWait(driver, 30)\n        login = Login(driver)\n    \n        try:\n            # --- Step 1: Login ---\n            driver.get(\"https://redmiims.variantqa.himshang.com.np/#/login\")\n            login.perform_login(\"Paras\", \"Ims@1234\")\n            print(\"‚úÖ Logged into IMS\")\n    \n            # Optional: handle logout popup from previous session\n            try:\n                login.perform_logout()\n                login.perform_ok()\n            except Exception:\n                pass\n    \n>           login.click_signin()\n\nPYTEST\\tests\\Credit_note_book_report_test.py:29: \n_ _ _ _ _ _ _ _ _ _ _ _ _ _ _ _ _ _ _ _ _ _ _ _ _ _ _ _ _ _ _ _ _ _ _ _ _ _ _ _ _ _ _ _ _ _ _ _ _ _ _ _ _ _ _ _ _ _ _ _ _ _ _ _ _ _ _ _ _ _ _ _ _ _ _ _ _ _ _ _ _ _ _ _ _ _ _ _ _ _\nPYTEST\\pages\\Login_Page.py:47: in click_signin\n    signin_button.click()\n.venv\\Lib\\site-packages\\selenium\\webdriver\\remote\\webelement.py:119: in click\n    self._execute(Command.CLICK_ELEMENT)\n.venv\\Lib\\site-packages\\selenium\\webdriver\\remote\\webelement.py:572: in _execute\n    return self._parent.execute(command, params)\n           ^^^^^^^^^^^^^^^^^^^^^^^^^^^^^^^^^^^^^\n.venv\\Lib\\site-packages\\selenium\\webdriver\\remote\\webdriver.py:458: in execute\n    self.error_handler.check_response(response)\n_ _ _ _ _ _ _ _ _ _ _ _ _ _ _ _ _ _ _ _ _ _ _ _ _ _ _ _ _ _ _ _ _ _ _ _ _ _ _ _ _ _ _ _ _ _ _ _ _ _ _ _ _ _ _ _ _ _ _ _ _ _ _ _ _ _ _ _ _ _ _ _ _ _ _ _ _ _ _ _ _ _ _ _ _ _ _ _ _ _\n\nself = <selenium.webdriver.remote.errorhandler.ErrorHandler object at 0x00000190D2D2E190>\nresponse = {'status': 400, 'value': '{\"value\":{\"error\":\"element click intercepted\",\"message\":\"element click intercepted: Element ...x8ac4c8\\\\n\\\\t0x8b324d\\\\n\\\\t0x89c478\\\\n\\\\t0x89c63c\\\\n\\\\t0x8867ca\\\\n\\\\t0x76075d49\\\\n\\\\t0x76ebd6db\\\\n\\\\t0x76ebd661\\\\n\"}}'}\n\n    def check_response(self, response: dict[str, Any]) -> None:\n        \"\"\"Checks that a JSON response from the WebDriver does not have an\n        error.\n    \n        Args:\n            response: The JSON response from the WebDriver server as a dictionary\n                object.\n    \n        Raises:\n            WebDriverException: If the response contains an error message.\n        \"\"\"\n        status = response.get(\"status\", None)\n        if not status or status == ErrorCode.SUCCESS:\n            return\n        value = None\n        message = response.get(\"message\", \"\")\n        screen: str = response.get(\"screen\", \"\")\n        stacktrace = None\n        if isinstance(status, int):\n            value_json = response.get(\"value\", None)\n            if value_json and isinstance(value_json, str):\n                try:\n                    value = json.loads(value_json)\n                    if isinstance(value, dict):\n                        if len(value) == 1:\n                            value = value[\"value\"]\n                        status = value.get(\"error\", None)\n                        if not status:\n                            status = value.get(\"status\", ErrorCode.UNKNOWN_ERROR)\n                            message = value.get(\"value\") or value.get(\"message\")\n                            if not isinstance(message, str):\n                                value = message\n                                message = message.get(\"message\") if isinstance(message, dict) else None\n                        else:\n                            message = value.get(\"message\", None)\n                except ValueError:\n                    pass\n    \n        exception_class: type[WebDriverException]\n        e = ErrorCode()\n        error_codes = [item for item in dir(e) if not item.startswith(\"__\")]\n        for error_code in error_codes:\n            error_info = getattr(ErrorCode, error_code)\n            if isinstance(error_info, list) and status in error_info:\n                exception_class = getattr(ExceptionMapping, error_code, WebDriverException)\n                break\n        else:\n            exception_class = WebDriverException\n    \n        if not value:\n            value = response[\"value\"]\n        if isinstance(value, str):\n            raise exception_class(value)\n        if message == \"\" and \"message\" in value:\n            message = value[\"message\"]\n    \n        screen = None  # type: ignore[assignment]\n        if \"screen\" in value:\n            screen = value[\"screen\"]\n    \n        stacktrace = None\n        st_value = value.get(\"stackTrace\") or value.get(\"stacktrace\")\n        if st_value:\n            if isinstance(st_value, str):\n                stacktrace = st_value.split(\"\\n\")\n            else:\n                stacktrace = []\n                try:\n                    for frame in st_value:\n                        line = frame.get(\"lineNumber\", \"\")\n                        file = frame.get(\"fileName\", \"<anonymous>\")\n                        if line:\n                            file = f\"{file}:{line}\"\n                        meth = frame.get(\"methodName\", \"<anonymous>\")\n                        if \"className\" in frame:\n                            meth = f\"{frame['className']}.{meth}\"\n                        msg = \"    at %s (%s)\"\n                        msg = msg % (meth, file)\n                        stacktrace.append(msg)\n                except TypeError:\n                    pass\n        if exception_class == UnexpectedAlertPresentException:\n            alert_text = None\n            if \"data\" in value:\n                alert_text = value[\"data\"].get(\"text\")\n            elif \"alert\" in value:\n                alert_text = value[\"alert\"].get(\"text\")\n            raise exception_class(message, screen, stacktrace, alert_text)  # type: ignore[call-arg]  # mypy is not smart enough here\n>       raise exception_class(message, screen, stacktrace)\nE       selenium.common.exceptions.ElementClickInterceptedException: Message: element click intercepted: Element <button _ngcontent-dtv-c240=\"\" class=\"btn btn-default btn-info btn-auth\">...</button> is not clickable at point (983, 445). Other element would receive the click: <bs-modal-backdrop class=\"modal-backdrop fade\"></bs-modal-backdrop>\nE         (Session info: chrome=142.0.7444.176); For documentation on this error, please visit: https://www.selenium.dev/documentation/webdriver/troubleshooting/errors#elementclickinterceptedexception\nE       Stacktrace:\nE       Symbols not available. Dumping unresolved backtrace:\nE       \t0x894103\nE       \t0x894144\nE       \t0x69e71d\nE       \t0x6f0580\nE       \t0x6ee8e3\nE       \t0x6ec387\nE       \t0x6eb5fd\nE       \t0x6dfd65\nE       \t0x70c90c\nE       \t0x6df7c4\nE       \t0x70cac4\nE       \t0x72ee17\nE       \t0x70c706\nE       \t0x6dda30\nE       \t0x6ded54\nE       \t0xb057b4\nE       \t0xb0098a\nE       \t0x8bc392\nE       \t0x8ac4c8\nE       \t0x8b324d\nE       \t0x89c478\nE       \t0x89c63c\nE       \t0x8867ca\nE       \t0x76075d49\nE       \t0x76ebd6db\nE       \t0x76ebd661\n\n.venv\\Lib\\site-packages\\selenium\\webdriver\\remote\\errorhandler.py:233: ElementClickInterceptedException\n\nDuring handling of the above exception, another exception occurred:\n\nsetup = <selenium.webdriver.chrome.webdriver.WebDriver (session=\"7deb32087c91a61b55d27706aa002d7e\")>\n\n    @allure.title(\"Generate Credit Note Book Report in IMS Application\")\n    @allure.description(\"Logs in, navigates to the Credit Note Book Report section, selects customer, and runs the report.\")\n    def test_generate_credit_note_book_report(setup):\n        driver = setup\n        wait = WebDriverWait(driver, 30)\n        login = Login(driver)\n    \n        try:\n            # --- Step 1: Login ---\n            driver.get(\"https://redmiims.variantqa.himshang.com.np/#/login\")\n            login.perform_login(\"Paras\", \"Ims@1234\")\n            print(\"‚úÖ Logged into IMS\")\n    \n            # Optional: handle logout popup from previous session\n            try:\n                login.perform_logout()\n                login.perform_ok()\n            except Exception:\n                pass\n    \n            login.click_signin()\n            print(\"‚úÖ Clicked Sign In button\")\n    \n            # --- Step 2: Generate Credit Note Book Report ---\n            report_page = CreditNoteBookReportPage(driver)\n            report_page.generate_credit_note_book_report()\n            print(\"üìò Credit Note Book Report generated successfully.\")\n    \n            # --- Step 3: Capture screenshot of success ---\n            allure.attach(driver.get_screenshot_as_png(), name=\"Credit_Note_Book_Report_Success\",\n                          attachment_type=allure.attachment_type.PNG)\n            print(\"üì∏ Screenshot added for successful report generation.\")\n    \n        except Exception as e:\n            # üì∏ Capture screenshot & log error in Allure\n            allure.attach(driver.get_screenshot_as_png(), name=\"Error Screenshot\",\n                          attachment_type=allure.attachment_type.PNG)\n            allure.attach(str(e), name=\"Error Details\",\n                          attachment_type=allure.attachment_type.TEXT)\n>           pytest.fail(f\"‚ùå Credit Note Book Report test failed due to: {e}\")\nE           Failed: ‚ùå Credit Note Book Report test failed due to: Message: element click intercepted: Element <button _ngcontent-dtv-c240=\"\" class=\"btn btn-default btn-info btn-auth\">...</button> is not clickable at point (983, 445). Other element would receive the click: <bs-modal-backdrop class=\"modal-backdrop fade\"></bs-modal-backdrop>\nE             (Session info: chrome=142.0.7444.176); For documentation on this error, please visit: https://www.selenium.dev/documentation/webdriver/troubleshooting/errors#elementclickinterceptedexception\nE           Stacktrace:\nE           Symbols not available. Dumping unresolved backtrace:\nE           \t0x894103\nE           \t0x894144\nE           \t0x69e71d\nE           \t0x6f0580\nE           \t0x6ee8e3\nE           \t0x6ec387\nE           \t0x6eb5fd\nE           \t0x6dfd65\nE           \t0x70c90c\nE           \t0x6df7c4\nE           \t0x70cac4\nE           \t0x72ee17\nE           \t0x70c706\nE           \t0x6dda30\nE           \t0x6ded54\nE           \t0xb057b4\nE           \t0xb0098a\nE           \t0x8bc392\nE           \t0x8ac4c8\nE           \t0x8b324d\nE           \t0x89c478\nE           \t0x89c63c\nE           \t0x8867ca\nE           \t0x76075d49\nE           \t0x76ebd6db\nE           \t0x76ebd661\n\nPYTEST\\tests\\Credit_note_book_report_test.py:48: Failed"}, "description": "Logs in, navigates to the Credit Note Book Report section, selects customer, and runs the report.", "attachments": [{"name": "Error Screenshot", "source": "9324d892-a72b-4889-b10d-54da35abd12b-attachment.png", "type": "image/png"}, {"name": "Error Details", "source": "17c0397f-4220-4806-a076-4bdb1735e208-attachment.txt", "type": "text/plain"}, {"name": "Screenshot_test_generate_credit_note_book_report", "source": "36d8deaf-651d-4972-807c-7c76df354b40-attachment.png", "type": "image/png"}], "start": 1764225122599, "stop": 1764225129063, "uuid": "b3b7d893-8323-4c19-b6c0-f0024199e8a4", "historyId": "a3d589ae5e4ee2c25190ed049047cbc7", "testCaseId": "a3d589ae5e4ee2c25190ed049047cbc7", "fullName": "PYTEST.tests.Credit_note_book_report_test#test_generate_credit_note_book_report", "labels": [{"name": "parentSuite", "value": "PYTEST.tests"}, {"name": "suite", "value": "Credit_note_book_report_test"}, {"name": "host", "value": "DESKTOP-FK66NC3"}, {"name": "thread", "value": "24296-MainThread"}, {"name": "framework", "value": "pytest"}, {"name": "language", "value": "cpython3"}, {"name": "package", "value": "PYTEST.tests.Credit_note_book_report_test"}], "titlePath": ["PYTEST", "tests", "Credit_note_book_report_test.py"]}