{"name": "Generate Credit Note in IMS Application", "status": "failed", "statusDetails": {"message": "Failed: ‚ùå Credit Note test failed due to: Message: \nStacktrace:\nSymbols not available. Dumping unresolved backtrace:\n\t0x1124103\n\t0x1124144\n\t0xf2e71d\n\t0xf7a03d\n\t0xf7a41b\n\t0xfc17f2\n\t0xf9c954\n\t0xfbee17\n\t0xf9c706\n\t0xf6da30\n\t0xf6ed54\n\t0x13957b4\n\t0x139098a\n\t0x114c392\n\t0x113c4c8\n\t0x114324d\n\t0x112c478\n\t0x112c63c\n\t0x11167ca\n\t0x76075d49\n\t0x76ebd6db\n\t0x76ebd661", "trace": "setup = <selenium.webdriver.chrome.webdriver.WebDriver (session=\"31e275852a735bc65341a5e0d8734f7f\")>\n\n    @allure.title(\"Generate Credit Note in IMS Application\")\n    @allure.description(\"Logs in, navigates to the Credit Note section, selects a Ref Bill, and saves the Credit Note.\")\n    def test_generate_credit_note(setup):\n        driver = setup\n        wait = WebDriverWait(driver, 30)\n        login = Login(driver)\n    \n        try:\n            # --- Step 1: Login ---\n            driver.get(\"https://redmiims.variantqa.himshang.com.np/#/login\")\n            login.perform_login(\"Paras\", \"Ims@1234\")\n            print(\"‚úÖ Logged into IMS\")\n    \n            # Optional: handle logout from previous session\n            try:\n                login.perform_logout()\n                login.perform_ok()\n            except Exception:\n                pass\n    \n            login.click_signin()\n            print(\"‚úÖ Clicked Sign In\")\n    \n            # --- Step 2: Create Credit Note ---\n            credit_note_page = CreditNotePage(driver)\n>           credit_note_page.create_credit_note()\n\nPYTEST\\tests\\Credit_note_a_test.py:34: \n_ _ _ _ _ _ _ _ _ _ _ _ _ _ _ _ _ _ _ _ _ _ _ _ _ _ _ _ _ _ _ _ _ _ _ _ _ _ _ _ _ _ _ _ _ _ _ _ _ _ _ _ _ _ _ _ _ _ _ _ _ _ _ _ _ _ _ _ _ _ _ _ _ _ _ _ _ _ _ _ _ _ _ _ _ _ _ _ _ _\nPYTEST\\pages\\Credit_note.py:79: in create_credit_note\n    voucher_item = wait.until(\n_ _ _ _ _ _ _ _ _ _ _ _ _ _ _ _ _ _ _ _ _ _ _ _ _ _ _ _ _ _ _ _ _ _ _ _ _ _ _ _ _ _ _ _ _ _ _ _ _ _ _ _ _ _ _ _ _ _ _ _ _ _ _ _ _ _ _ _ _ _ _ _ _ _ _ _ _ _ _ _ _ _ _ _ _ _ _ _ _ _\n\nself = <selenium.webdriver.support.wait.WebDriverWait (session=\"31e275852a735bc65341a5e0d8734f7f\")>\nmethod = <function element_to_be_clickable.<locals>._predicate at 0x000001E60A08D6C0>, message = ''\n\n    def until(self, method: Callable[[D], Union[Literal[False], T]], message: str = \"\") -> T:\n        \"\"\"Wait until the method returns a value that is not False.\n    \n        Calls the method provided with the driver as an argument until the\n        return value does not evaluate to ``False``.\n    \n        Parameters:\n        -----------\n        method: callable(WebDriver)\n            - A callable object that takes a WebDriver instance as an argument.\n    \n        message: str\n            - Optional message for :exc:`TimeoutException`\n    \n        Return:\n        -------\n        object: T\n            - The result of the last call to `method`\n    \n        Raises:\n        -------\n        TimeoutException\n            - If 'method' does not return a truthy value within the WebDriverWait\n            object's timeout\n    \n        Example:\n        --------\n        >>> from selenium.webdriver.common.by import By\n        >>> from selenium.webdriver.support.ui import WebDriverWait\n        >>> from selenium.webdriver.support import expected_conditions as EC\n    \n        # Wait until an element is visible on the page\n        >>> wait = WebDriverWait(driver, 10)\n        >>> element = wait.until(EC.visibility_of_element_located((By.ID, \"exampleId\")))\n        >>> print(element.text)\n        \"\"\"\n        screen = None\n        stacktrace = None\n    \n        end_time = time.monotonic() + self._timeout\n        while True:\n            try:\n                value = method(self._driver)\n                if value:\n                    return value\n            except self._ignored_exceptions as exc:\n                screen = getattr(exc, \"screen\", None)\n                stacktrace = getattr(exc, \"stacktrace\", None)\n            if time.monotonic() > end_time:\n                break\n            time.sleep(self._poll)\n>       raise TimeoutException(message, screen, stacktrace)\nE       selenium.common.exceptions.TimeoutException: Message: \nE       Stacktrace:\nE       Symbols not available. Dumping unresolved backtrace:\nE       \t0x1124103\nE       \t0x1124144\nE       \t0xf2e71d\nE       \t0xf7a03d\nE       \t0xf7a41b\nE       \t0xfc17f2\nE       \t0xf9c954\nE       \t0xfbee17\nE       \t0xf9c706\nE       \t0xf6da30\nE       \t0xf6ed54\nE       \t0x13957b4\nE       \t0x139098a\nE       \t0x114c392\nE       \t0x113c4c8\nE       \t0x114324d\nE       \t0x112c478\nE       \t0x112c63c\nE       \t0x11167ca\nE       \t0x76075d49\nE       \t0x76ebd6db\nE       \t0x76ebd661\n\n.venv\\Lib\\site-packages\\selenium\\webdriver\\support\\wait.py:138: TimeoutException\n\nDuring handling of the above exception, another exception occurred:\n\nsetup = <selenium.webdriver.chrome.webdriver.WebDriver (session=\"31e275852a735bc65341a5e0d8734f7f\")>\n\n    @allure.title(\"Generate Credit Note in IMS Application\")\n    @allure.description(\"Logs in, navigates to the Credit Note section, selects a Ref Bill, and saves the Credit Note.\")\n    def test_generate_credit_note(setup):\n        driver = setup\n        wait = WebDriverWait(driver, 30)\n        login = Login(driver)\n    \n        try:\n            # --- Step 1: Login ---\n            driver.get(\"https://redmiims.variantqa.himshang.com.np/#/login\")\n            login.perform_login(\"Paras\", \"Ims@1234\")\n            print(\"‚úÖ Logged into IMS\")\n    \n            # Optional: handle logout from previous session\n            try:\n                login.perform_logout()\n                login.perform_ok()\n            except Exception:\n                pass\n    \n            login.click_signin()\n            print(\"‚úÖ Clicked Sign In\")\n    \n            # --- Step 2: Create Credit Note ---\n            credit_note_page = CreditNotePage(driver)\n            credit_note_page.create_credit_note()\n            print(\"üßæ Credit Note created successfully.\")\n    \n            # --- Step 3: Capture screenshot after successful Credit Note creation ---\n            allure.attach(driver.get_screenshot_as_png(), name=\"Credit_Note_Success_Screenshot\",\n                          attachment_type=allure.attachment_type.PNG)\n            print(\"üì∏ Screenshot captured for successful Credit Note creation.\")\n    \n        except Exception as e:\n            # üì∏ Capture screenshot & log error in Allure\n            allure.attach(driver.get_screenshot_as_png(), name=\"Error Screenshot\",\n                          attachment_type=allure.attachment_type.PNG)\n            allure.attach(str(e), name=\"Error Details\",\n                          attachment_type=allure.attachment_type.TEXT)\n>           pytest.fail(f\"‚ùå Credit Note test failed due to: {e}\")\nE           Failed: ‚ùå Credit Note test failed due to: Message: \nE           Stacktrace:\nE           Symbols not available. Dumping unresolved backtrace:\nE           \t0x1124103\nE           \t0x1124144\nE           \t0xf2e71d\nE           \t0xf7a03d\nE           \t0xf7a41b\nE           \t0xfc17f2\nE           \t0xf9c954\nE           \t0xfbee17\nE           \t0xf9c706\nE           \t0xf6da30\nE           \t0xf6ed54\nE           \t0x13957b4\nE           \t0x139098a\nE           \t0x114c392\nE           \t0x113c4c8\nE           \t0x114324d\nE           \t0x112c478\nE           \t0x112c63c\nE           \t0x11167ca\nE           \t0x76075d49\nE           \t0x76ebd6db\nE           \t0x76ebd661\n\nPYTEST\\tests\\Credit_note_a_test.py:48: Failed"}, "description": "Logs in, navigates to the Credit Note section, selects a Ref Bill, and saves the Credit Note.", "steps": [{"name": "Create Credit Note Entry", "status": "broken", "statusDetails": {"message": "selenium.common.exceptions.TimeoutException: Message: \nStacktrace:\nSymbols not available. Dumping unresolved backtrace:\n\t0x1124103\n\t0x1124144\n\t0xf2e71d\n\t0xf7a03d\n\t0xf7a41b\n\t0xfc17f2\n\t0xf9c954\n\t0xfbee17\n\t0xf9c706\n\t0xf6da30\n\t0xf6ed54\n\t0x13957b4\n\t0x139098a\n\t0x114c392\n\t0x113c4c8\n\t0x114324d\n\t0x112c478\n\t0x112c63c\n\t0x11167ca\n\t0x76075d49\n\t0x76ebd6db\n\t0x76ebd661\n\n", "trace": "  File \"d:\\Code Playground\\Selenium Tutorial\\.venv\\Lib\\site-packages\\allure_commons\\_allure.py\", line 202, in impl\n    return func(*a, **kw)\n  File \"D:\\Code Playground\\Selenium Tutorial\\PYTEST\\pages\\Credit_note.py\", line 79, in create_credit_note\n    voucher_item = wait.until(\n        EC.element_to_be_clickable((By.XPATH, \"//div[@title='2025-11-27']\"))\n    )\n  File \"d:\\Code Playground\\Selenium Tutorial\\.venv\\Lib\\site-packages\\selenium\\webdriver\\support\\wait.py\", line 138, in until\n    raise TimeoutException(message, screen, stacktrace)\n"}, "start": 1764583734043, "stop": 1764583776281}], "attachments": [{"name": "Error Screenshot", "source": "ddc99762-bf85-491b-b001-faa843b52904-attachment.png", "type": "image/png"}, {"name": "Error Details", "source": "f20d1336-cba5-4bb7-bde1-7acfb81e7fd3-attachment.txt", "type": "text/plain"}, {"name": "Screenshot_test_generate_credit_note", "source": "04f9551c-467d-48c1-be3a-0b38cdbd963a-attachment.png", "type": "image/png"}], "start": 1764583726751, "stop": 1764583776546, "uuid": "6c3e5b0b-30d4-486d-924d-df3db46879e4", "historyId": "46f9e75519f14fd5dcea3cb6c5d57843", "testCaseId": "46f9e75519f14fd5dcea3cb6c5d57843", "fullName": "PYTEST.tests.Credit_note_a_test#test_generate_credit_note", "labels": [{"name": "parentSuite", "value": "PYTEST.tests"}, {"name": "suite", "value": "Credit_note_a_test"}, {"name": "host", "value": "DESKTOP-FK66NC3"}, {"name": "thread", "value": "17620-MainThread"}, {"name": "framework", "value": "pytest"}, {"name": "language", "value": "cpython3"}, {"name": "package", "value": "PYTEST.tests.Credit_note_a_test"}], "titlePath": ["PYTEST", "tests", "Credit_note_a_test.py"]}