{"name": "Generate Stock Ageing Report in IMS Application", "status": "failed", "statusDetails": {"message": "Failed: ❌ Test failed due to: Message: no such element: Unable to locate element: {\"method\":\"xpath\",\"selector\":\"//button[normalize-space(text())='Sign In']\"}\n  (Session info: chrome=142.0.7444.176); For documentation on this error, please visit: https://www.selenium.dev/documentation/webdriver/troubleshooting/errors#nosuchelementexception\nStacktrace:\nSymbols not available. Dumping unresolved backtrace:\n\t0x1124103\n\t0x1124144\n\t0xf2e71d\n\t0xf7a03d\n\t0xf7a41b\n\t0xfc17f2\n\t0xf9c954\n\t0xfbee17\n\t0xf9c706\n\t0xf6da30\n\t0xf6ed54\n\t0x13957b4\n\t0x139098a\n\t0x114c392\n\t0x113c4c8\n\t0x114324d\n\t0x112c478\n\t0x112c63c\n\t0x11167ca\n\t0x76075d49\n\t0x76ebd6db\n\t0x76ebd661", "trace": "setup = <selenium.webdriver.chrome.webdriver.WebDriver (session=\"4fc8ac348be3a85dbfe931a933213b15\")>\n\n    @allure.title(\"Generate Stock Ageing Report in IMS Application\")\n    @allure.description(\"Logs in, navigates to Stock Ageing Report, selects supplier, and runs the report.\")\n    def test_stock_ageing_report(setup):\n        driver = setup\n        wait = WebDriverWait(driver, 30)\n        login = Login(driver)\n    \n        try:\n            # --- Step 1: Login ---\n            driver.get(\"https://redmiims.variantqa.himshang.com.np/#/login\")\n            login.perform_login(\"Paras\", \"Ims@1234\")\n            print(\"✅ Logged into IMS\")\n    \n            # Handle previous active session popup (if appears)\n            try:\n                login.perform_logout()\n                login.perform_ok()\n            except Exception:\n                pass\n    \n>           login.click_signin()\n\nPYTEST\\tests\\Stock_ageing_report_test.py:28: \n_ _ _ _ _ _ _ _ _ _ _ _ _ _ _ _ _ _ _ _ _ _ _ _ _ _ _ _ _ _ _ _ _ _ _ _ _ _ _ _ _ _ _ _ _ _ _ _ _ _ _ _ _ _ _ _ _ _ _ _ _ _ _ _ _ _ _ _ _ _ _ _ _ _ _ _ _ _ _ _ _ _ _ _ _ _ _ _ _ _\nPYTEST\\pages\\Login_Page.py:44: in click_signin\n    signin_button = self.driver.find_element(\n.venv\\Lib\\site-packages\\selenium\\webdriver\\remote\\webdriver.py:926: in find_element\n    return self.execute(Command.FIND_ELEMENT, {\"using\": by, \"value\": value})[\"value\"]\n           ^^^^^^^^^^^^^^^^^^^^^^^^^^^^^^^^^^^^^^^^^^^^^^^^^^^^^^^^^^^^^^^^^\n.venv\\Lib\\site-packages\\selenium\\webdriver\\remote\\webdriver.py:458: in execute\n    self.error_handler.check_response(response)\n_ _ _ _ _ _ _ _ _ _ _ _ _ _ _ _ _ _ _ _ _ _ _ _ _ _ _ _ _ _ _ _ _ _ _ _ _ _ _ _ _ _ _ _ _ _ _ _ _ _ _ _ _ _ _ _ _ _ _ _ _ _ _ _ _ _ _ _ _ _ _ _ _ _ _ _ _ _ _ _ _ _ _ _ _ _ _ _ _ _\n\nself = <selenium.webdriver.remote.errorhandler.ErrorHandler object at 0x000001E60A00F9D0>\nresponse = {'status': 404, 'value': '{\"value\":{\"error\":\"no such element\",\"message\":\"no such element: Unable to locate element: {\\...4c8\\\\n\\\\t0x114324d\\\\n\\\\t0x112c478\\\\n\\\\t0x112c63c\\\\n\\\\t0x11167ca\\\\n\\\\t0x76075d49\\\\n\\\\t0x76ebd6db\\\\n\\\\t0x76ebd661\\\\n\"}}'}\n\n    def check_response(self, response: dict[str, Any]) -> None:\n        \"\"\"Checks that a JSON response from the WebDriver does not have an\n        error.\n    \n        Args:\n            response: The JSON response from the WebDriver server as a dictionary\n                object.\n    \n        Raises:\n            WebDriverException: If the response contains an error message.\n        \"\"\"\n        status = response.get(\"status\", None)\n        if not status or status == ErrorCode.SUCCESS:\n            return\n        value = None\n        message = response.get(\"message\", \"\")\n        screen: str = response.get(\"screen\", \"\")\n        stacktrace = None\n        if isinstance(status, int):\n            value_json = response.get(\"value\", None)\n            if value_json and isinstance(value_json, str):\n                try:\n                    value = json.loads(value_json)\n                    if isinstance(value, dict):\n                        if len(value) == 1:\n                            value = value[\"value\"]\n                        status = value.get(\"error\", None)\n                        if not status:\n                            status = value.get(\"status\", ErrorCode.UNKNOWN_ERROR)\n                            message = value.get(\"value\") or value.get(\"message\")\n                            if not isinstance(message, str):\n                                value = message\n                                message = message.get(\"message\") if isinstance(message, dict) else None\n                        else:\n                            message = value.get(\"message\", None)\n                except ValueError:\n                    pass\n    \n        exception_class: type[WebDriverException]\n        e = ErrorCode()\n        error_codes = [item for item in dir(e) if not item.startswith(\"__\")]\n        for error_code in error_codes:\n            error_info = getattr(ErrorCode, error_code)\n            if isinstance(error_info, list) and status in error_info:\n                exception_class = getattr(ExceptionMapping, error_code, WebDriverException)\n                break\n        else:\n            exception_class = WebDriverException\n    \n        if not value:\n            value = response[\"value\"]\n        if isinstance(value, str):\n            raise exception_class(value)\n        if message == \"\" and \"message\" in value:\n            message = value[\"message\"]\n    \n        screen = None  # type: ignore[assignment]\n        if \"screen\" in value:\n            screen = value[\"screen\"]\n    \n        stacktrace = None\n        st_value = value.get(\"stackTrace\") or value.get(\"stacktrace\")\n        if st_value:\n            if isinstance(st_value, str):\n                stacktrace = st_value.split(\"\\n\")\n            else:\n                stacktrace = []\n                try:\n                    for frame in st_value:\n                        line = frame.get(\"lineNumber\", \"\")\n                        file = frame.get(\"fileName\", \"<anonymous>\")\n                        if line:\n                            file = f\"{file}:{line}\"\n                        meth = frame.get(\"methodName\", \"<anonymous>\")\n                        if \"className\" in frame:\n                            meth = f\"{frame['className']}.{meth}\"\n                        msg = \"    at %s (%s)\"\n                        msg = msg % (meth, file)\n                        stacktrace.append(msg)\n                except TypeError:\n                    pass\n        if exception_class == UnexpectedAlertPresentException:\n            alert_text = None\n            if \"data\" in value:\n                alert_text = value[\"data\"].get(\"text\")\n            elif \"alert\" in value:\n                alert_text = value[\"alert\"].get(\"text\")\n            raise exception_class(message, screen, stacktrace, alert_text)  # type: ignore[call-arg]  # mypy is not smart enough here\n>       raise exception_class(message, screen, stacktrace)\nE       selenium.common.exceptions.NoSuchElementException: Message: no such element: Unable to locate element: {\"method\":\"xpath\",\"selector\":\"//button[normalize-space(text())='Sign In']\"}\nE         (Session info: chrome=142.0.7444.176); For documentation on this error, please visit: https://www.selenium.dev/documentation/webdriver/troubleshooting/errors#nosuchelementexception\nE       Stacktrace:\nE       Symbols not available. Dumping unresolved backtrace:\nE       \t0x1124103\nE       \t0x1124144\nE       \t0xf2e71d\nE       \t0xf7a03d\nE       \t0xf7a41b\nE       \t0xfc17f2\nE       \t0xf9c954\nE       \t0xfbee17\nE       \t0xf9c706\nE       \t0xf6da30\nE       \t0xf6ed54\nE       \t0x13957b4\nE       \t0x139098a\nE       \t0x114c392\nE       \t0x113c4c8\nE       \t0x114324d\nE       \t0x112c478\nE       \t0x112c63c\nE       \t0x11167ca\nE       \t0x76075d49\nE       \t0x76ebd6db\nE       \t0x76ebd661\n\n.venv\\Lib\\site-packages\\selenium\\webdriver\\remote\\errorhandler.py:233: NoSuchElementException\n\nDuring handling of the above exception, another exception occurred:\n\nsetup = <selenium.webdriver.chrome.webdriver.WebDriver (session=\"4fc8ac348be3a85dbfe931a933213b15\")>\n\n    @allure.title(\"Generate Stock Ageing Report in IMS Application\")\n    @allure.description(\"Logs in, navigates to Stock Ageing Report, selects supplier, and runs the report.\")\n    def test_stock_ageing_report(setup):\n        driver = setup\n        wait = WebDriverWait(driver, 30)\n        login = Login(driver)\n    \n        try:\n            # --- Step 1: Login ---\n            driver.get(\"https://redmiims.variantqa.himshang.com.np/#/login\")\n            login.perform_login(\"Paras\", \"Ims@1234\")\n            print(\"✅ Logged into IMS\")\n    \n            # Handle previous active session popup (if appears)\n            try:\n                login.perform_logout()\n                login.perform_ok()\n            except Exception:\n                pass\n    \n            login.click_signin()\n            print(\"✅ Clicked Sign In\")\n    \n            # --- Step 2: Generate Stock Ageing Report ---\n            stock_ageing_report = StockAgeingReportPage(driver)\n            stock_ageing_report.generate_stock_ageing_report()\n    \n            print(\"✅ Stock Ageing Report generated successfully.\")\n    \n            # Screenshot on success\n            allure.attach(\n                driver.get_screenshot_as_png(),\n                name=\"Stock_Ageing_Report_Success\",\n                attachment_type=allure.attachment_type.PNG\n            )\n    \n        except Exception as e:\n    \n            # Screenshot on failure\n            allure.attach(\n                driver.get_screenshot_as_png(),\n                name=\"Stock_Ageing_Report_Error\",\n                attachment_type=allure.attachment_type.PNG\n            )\n    \n            # Attach exception details\n            allure.attach(\n                str(e),\n                name=\"Error Details\",\n                attachment_type=allure.attachment_type.TEXT\n            )\n    \n>           pytest.fail(f\"❌ Test failed due to: {e}\")\nE           Failed: ❌ Test failed due to: Message: no such element: Unable to locate element: {\"method\":\"xpath\",\"selector\":\"//button[normalize-space(text())='Sign In']\"}\nE             (Session info: chrome=142.0.7444.176); For documentation on this error, please visit: https://www.selenium.dev/documentation/webdriver/troubleshooting/errors#nosuchelementexception\nE           Stacktrace:\nE           Symbols not available. Dumping unresolved backtrace:\nE           \t0x1124103\nE           \t0x1124144\nE           \t0xf2e71d\nE           \t0xf7a03d\nE           \t0xf7a41b\nE           \t0xfc17f2\nE           \t0xf9c954\nE           \t0xfbee17\nE           \t0xf9c706\nE           \t0xf6da30\nE           \t0xf6ed54\nE           \t0x13957b4\nE           \t0x139098a\nE           \t0x114c392\nE           \t0x113c4c8\nE           \t0x114324d\nE           \t0x112c478\nE           \t0x112c63c\nE           \t0x11167ca\nE           \t0x76075d49\nE           \t0x76ebd6db\nE           \t0x76ebd661\n\nPYTEST\\tests\\Stock_ageing_report_test.py:60: Failed"}, "description": "Logs in, navigates to Stock Ageing Report, selects supplier, and runs the report.", "attachments": [{"name": "Stock_Ageing_Report_Error", "source": "651708cf-46d7-4fc9-9860-bd37e6421948-attachment.png", "type": "image/png"}, {"name": "Error Details", "source": "86085612-695f-41fc-a411-e93a3c7bcfac-attachment.txt", "type": "text/plain"}, {"name": "Screenshot_test_stock_ageing_report", "source": "72baf0da-cdaf-448d-899b-c713ea8aa815-attachment.png", "type": "image/png"}], "start": 1764585696591, "stop": 1764585775684, "uuid": "c2d14784-56ae-48f1-ad00-3ebe6101cbe7", "historyId": "384f3d42dd490685c62aabdbdc333ba3", "testCaseId": "384f3d42dd490685c62aabdbdc333ba3", "fullName": "PYTEST.tests.Stock_ageing_report_test#test_stock_ageing_report", "labels": [{"name": "parentSuite", "value": "PYTEST.tests"}, {"name": "suite", "value": "Stock_ageing_report_test"}, {"name": "host", "value": "DESKTOP-FK66NC3"}, {"name": "thread", "value": "17620-MainThread"}, {"name": "framework", "value": "pytest"}, {"name": "language", "value": "cpython3"}, {"name": "package", "value": "PYTEST.tests.Stock_ageing_report_test"}], "titlePath": ["PYTEST", "tests", "Stock_ageing_report_test.py"]}