{"name": "Generate Sales Report (Membership Wise) in IMS Application", "status": "failed", "statusDetails": {"message": "Failed: ‚ùå Sales Report (Membership Wise) test failed due to: Message: element click intercepted: Element <button _ngcontent-vds-c240=\"\" class=\"btn btn-default btn-info btn-auth\">...</button> is not clickable at point (983, 445). Other element would receive the click: <bs-modal-backdrop class=\"modal-backdrop fade\"></bs-modal-backdrop>\n  (Session info: chrome=142.0.7444.176); For documentation on this error, please visit: https://www.selenium.dev/documentation/webdriver/troubleshooting/errors#elementclickinterceptedexception\nStacktrace:\nSymbols not available. Dumping unresolved backtrace:\n\t0x1124103\n\t0x1124144\n\t0xf2e71d\n\t0xf80580\n\t0xf7e8e3\n\t0xf7c387\n\t0xf7b5fd\n\t0xf6fd65\n\t0xf9c90c\n\t0xf6f7c4\n\t0xf9cac4\n\t0xfbee17\n\t0xf9c706\n\t0xf6da30\n\t0xf6ed54\n\t0x13957b4\n\t0x139098a\n\t0x114c392\n\t0x113c4c8\n\t0x114324d\n\t0x112c478\n\t0x112c63c\n\t0x11167ca\n\t0x76075d49\n\t0x76ebd6db\n\t0x76ebd661", "trace": "setup = <selenium.webdriver.chrome.webdriver.WebDriver (session=\"edd9d61aef43c8e100f23290a3e3ce16\")>\n\n    @allure.title(\"Generate Sales Report (Membership Wise) in IMS Application\")\n    @allure.description(\n        \"Logs in, navigates to Reports ‚Üí Loyalty & Promotion Report ‚Üí Sales Report - Membership Wise, \"\n        \"selects Member, selects Detail Report option, clicks RUN, and verifies the table.\"\n    )\n    def test_generate_sales_report_membership_wise(setup):\n        driver = setup\n        wait = WebDriverWait(driver, 30)\n        login = Login(driver)\n    \n        try:\n            # --- Step 1: Login ---\n            driver.get(\"https://redmiims.variantqa.himshang.com.np/#/login\")\n            login.perform_login(\"Paras\", \"Ims@1234\")\n            print(\"‚úÖ Logged into IMS\")\n    \n            # Optional: Handle active session popup\n            try:\n                login.perform_logout()\n                login.perform_ok()\n            except Exception:\n                pass\n    \n>           login.click_signin()\n\nPYTEST\\tests\\Sales_report_mem_wise_test.py:31: \n_ _ _ _ _ _ _ _ _ _ _ _ _ _ _ _ _ _ _ _ _ _ _ _ _ _ _ _ _ _ _ _ _ _ _ _ _ _ _ _ _ _ _ _ _ _ _ _ _ _ _ _ _ _ _ _ _ _ _ _ _ _ _ _ _ _ _ _ _ _ _ _ _ _ _ _ _ _ _ _ _ _ _ _ _ _ _ _ _ _\nPYTEST\\pages\\Login_Page.py:47: in click_signin\n    signin_button.click()\n.venv\\Lib\\site-packages\\selenium\\webdriver\\remote\\webelement.py:119: in click\n    self._execute(Command.CLICK_ELEMENT)\n.venv\\Lib\\site-packages\\selenium\\webdriver\\remote\\webelement.py:572: in _execute\n    return self._parent.execute(command, params)\n           ^^^^^^^^^^^^^^^^^^^^^^^^^^^^^^^^^^^^^\n.venv\\Lib\\site-packages\\selenium\\webdriver\\remote\\webdriver.py:458: in execute\n    self.error_handler.check_response(response)\n_ _ _ _ _ _ _ _ _ _ _ _ _ _ _ _ _ _ _ _ _ _ _ _ _ _ _ _ _ _ _ _ _ _ _ _ _ _ _ _ _ _ _ _ _ _ _ _ _ _ _ _ _ _ _ _ _ _ _ _ _ _ _ _ _ _ _ _ _ _ _ _ _ _ _ _ _ _ _ _ _ _ _ _ _ _ _ _ _ _\n\nself = <selenium.webdriver.remote.errorhandler.ErrorHandler object at 0x000001E60A1DB390>\nresponse = {'status': 400, 'value': '{\"value\":{\"error\":\"element click intercepted\",\"message\":\"element click intercepted: Element ...4c8\\\\n\\\\t0x114324d\\\\n\\\\t0x112c478\\\\n\\\\t0x112c63c\\\\n\\\\t0x11167ca\\\\n\\\\t0x76075d49\\\\n\\\\t0x76ebd6db\\\\n\\\\t0x76ebd661\\\\n\"}}'}\n\n    def check_response(self, response: dict[str, Any]) -> None:\n        \"\"\"Checks that a JSON response from the WebDriver does not have an\n        error.\n    \n        Args:\n            response: The JSON response from the WebDriver server as a dictionary\n                object.\n    \n        Raises:\n            WebDriverException: If the response contains an error message.\n        \"\"\"\n        status = response.get(\"status\", None)\n        if not status or status == ErrorCode.SUCCESS:\n            return\n        value = None\n        message = response.get(\"message\", \"\")\n        screen: str = response.get(\"screen\", \"\")\n        stacktrace = None\n        if isinstance(status, int):\n            value_json = response.get(\"value\", None)\n            if value_json and isinstance(value_json, str):\n                try:\n                    value = json.loads(value_json)\n                    if isinstance(value, dict):\n                        if len(value) == 1:\n                            value = value[\"value\"]\n                        status = value.get(\"error\", None)\n                        if not status:\n                            status = value.get(\"status\", ErrorCode.UNKNOWN_ERROR)\n                            message = value.get(\"value\") or value.get(\"message\")\n                            if not isinstance(message, str):\n                                value = message\n                                message = message.get(\"message\") if isinstance(message, dict) else None\n                        else:\n                            message = value.get(\"message\", None)\n                except ValueError:\n                    pass\n    \n        exception_class: type[WebDriverException]\n        e = ErrorCode()\n        error_codes = [item for item in dir(e) if not item.startswith(\"__\")]\n        for error_code in error_codes:\n            error_info = getattr(ErrorCode, error_code)\n            if isinstance(error_info, list) and status in error_info:\n                exception_class = getattr(ExceptionMapping, error_code, WebDriverException)\n                break\n        else:\n            exception_class = WebDriverException\n    \n        if not value:\n            value = response[\"value\"]\n        if isinstance(value, str):\n            raise exception_class(value)\n        if message == \"\" and \"message\" in value:\n            message = value[\"message\"]\n    \n        screen = None  # type: ignore[assignment]\n        if \"screen\" in value:\n            screen = value[\"screen\"]\n    \n        stacktrace = None\n        st_value = value.get(\"stackTrace\") or value.get(\"stacktrace\")\n        if st_value:\n            if isinstance(st_value, str):\n                stacktrace = st_value.split(\"\\n\")\n            else:\n                stacktrace = []\n                try:\n                    for frame in st_value:\n                        line = frame.get(\"lineNumber\", \"\")\n                        file = frame.get(\"fileName\", \"<anonymous>\")\n                        if line:\n                            file = f\"{file}:{line}\"\n                        meth = frame.get(\"methodName\", \"<anonymous>\")\n                        if \"className\" in frame:\n                            meth = f\"{frame['className']}.{meth}\"\n                        msg = \"    at %s (%s)\"\n                        msg = msg % (meth, file)\n                        stacktrace.append(msg)\n                except TypeError:\n                    pass\n        if exception_class == UnexpectedAlertPresentException:\n            alert_text = None\n            if \"data\" in value:\n                alert_text = value[\"data\"].get(\"text\")\n            elif \"alert\" in value:\n                alert_text = value[\"alert\"].get(\"text\")\n            raise exception_class(message, screen, stacktrace, alert_text)  # type: ignore[call-arg]  # mypy is not smart enough here\n>       raise exception_class(message, screen, stacktrace)\nE       selenium.common.exceptions.ElementClickInterceptedException: Message: element click intercepted: Element <button _ngcontent-vds-c240=\"\" class=\"btn btn-default btn-info btn-auth\">...</button> is not clickable at point (983, 445). Other element would receive the click: <bs-modal-backdrop class=\"modal-backdrop fade\"></bs-modal-backdrop>\nE         (Session info: chrome=142.0.7444.176); For documentation on this error, please visit: https://www.selenium.dev/documentation/webdriver/troubleshooting/errors#elementclickinterceptedexception\nE       Stacktrace:\nE       Symbols not available. Dumping unresolved backtrace:\nE       \t0x1124103\nE       \t0x1124144\nE       \t0xf2e71d\nE       \t0xf80580\nE       \t0xf7e8e3\nE       \t0xf7c387\nE       \t0xf7b5fd\nE       \t0xf6fd65\nE       \t0xf9c90c\nE       \t0xf6f7c4\nE       \t0xf9cac4\nE       \t0xfbee17\nE       \t0xf9c706\nE       \t0xf6da30\nE       \t0xf6ed54\nE       \t0x13957b4\nE       \t0x139098a\nE       \t0x114c392\nE       \t0x113c4c8\nE       \t0x114324d\nE       \t0x112c478\nE       \t0x112c63c\nE       \t0x11167ca\nE       \t0x76075d49\nE       \t0x76ebd6db\nE       \t0x76ebd661\n\n.venv\\Lib\\site-packages\\selenium\\webdriver\\remote\\errorhandler.py:233: ElementClickInterceptedException\n\nDuring handling of the above exception, another exception occurred:\n\nsetup = <selenium.webdriver.chrome.webdriver.WebDriver (session=\"edd9d61aef43c8e100f23290a3e3ce16\")>\n\n    @allure.title(\"Generate Sales Report (Membership Wise) in IMS Application\")\n    @allure.description(\n        \"Logs in, navigates to Reports ‚Üí Loyalty & Promotion Report ‚Üí Sales Report - Membership Wise, \"\n        \"selects Member, selects Detail Report option, clicks RUN, and verifies the table.\"\n    )\n    def test_generate_sales_report_membership_wise(setup):\n        driver = setup\n        wait = WebDriverWait(driver, 30)\n        login = Login(driver)\n    \n        try:\n            # --- Step 1: Login ---\n            driver.get(\"https://redmiims.variantqa.himshang.com.np/#/login\")\n            login.perform_login(\"Paras\", \"Ims@1234\")\n            print(\"‚úÖ Logged into IMS\")\n    \n            # Optional: Handle active session popup\n            try:\n                login.perform_logout()\n                login.perform_ok()\n            except Exception:\n                pass\n    \n            login.click_signin()\n            print(\"‚úÖ Clicked Sign In\")\n    \n            # --- Step 2: Generate Sales Report Membership Wise ---\n            sales_mem_page = SalesReportMembershipWisePage(driver)\n            sales_mem_page.generate_sales_report_membership_wise()\n    \n            print(\"üìä Sales Report (Membership Wise) generated successfully.\")\n    \n            # Screenshot on success\n            allure.attach(\n                driver.get_screenshot_as_png(),\n                name=\"Sales_Report_Membership_Wise_Success\",\n                attachment_type=allure.attachment_type.PNG\n            )\n            print(\"üì∏ Screenshot captured after successful report generation.\")\n    \n        except Exception as e:\n            # Screenshot on failure\n            allure.attach(\n                driver.get_screenshot_as_png(),\n                name=\"Sales_Report_Membership_Wise_Error\",\n                attachment_type=allure.attachment_type.PNG\n            )\n            allure.attach(\n                str(e),\n                name=\"Error_Details\",\n                attachment_type=allure.attachment_type.TEXT\n            )\n>           pytest.fail(f\"‚ùå Sales Report (Membership Wise) test failed due to: {e}\")\nE           Failed: ‚ùå Sales Report (Membership Wise) test failed due to: Message: element click intercepted: Element <button _ngcontent-vds-c240=\"\" class=\"btn btn-default btn-info btn-auth\">...</button> is not clickable at point (983, 445). Other element would receive the click: <bs-modal-backdrop class=\"modal-backdrop fade\"></bs-modal-backdrop>\nE             (Session info: chrome=142.0.7444.176); For documentation on this error, please visit: https://www.selenium.dev/documentation/webdriver/troubleshooting/errors#elementclickinterceptedexception\nE           Stacktrace:\nE           Symbols not available. Dumping unresolved backtrace:\nE           \t0x1124103\nE           \t0x1124144\nE           \t0xf2e71d\nE           \t0xf80580\nE           \t0xf7e8e3\nE           \t0xf7c387\nE           \t0xf7b5fd\nE           \t0xf6fd65\nE           \t0xf9c90c\nE           \t0xf6f7c4\nE           \t0xf9cac4\nE           \t0xfbee17\nE           \t0xf9c706\nE           \t0xf6da30\nE           \t0xf6ed54\nE           \t0x13957b4\nE           \t0x139098a\nE           \t0x114c392\nE           \t0x113c4c8\nE           \t0x114324d\nE           \t0x112c478\nE           \t0x112c63c\nE           \t0x11167ca\nE           \t0x76075d49\nE           \t0x76ebd6db\nE           \t0x76ebd661\n\nPYTEST\\tests\\Sales_report_mem_wise_test.py:60: Failed"}, "description": "Logs in, navigates to Reports ‚Üí Loyalty & Promotion Report ‚Üí Sales Report - Membership Wise, selects Member, selects Detail Report option, clicks RUN, and verifies the table.", "attachments": [{"name": "Sales_Report_Membership_Wise_Error", "source": "be9ed1fb-ebb8-414c-a347-7e5b8523376c-attachment.png", "type": "image/png"}, {"name": "Error_Details", "source": "45d86a29-2c90-4a07-8bd1-bde5fc0b2bb4-attachment.txt", "type": "text/plain"}, {"name": "Screenshot_test_generate_sales_report_membership_wise", "source": "a2bbc146-1452-4ebd-abd9-100e26861845-attachment.png", "type": "image/png"}], "start": 1764585683477, "stop": 1764585690385, "uuid": "cff848b0-0f62-4fcd-8a81-6fb9c771619d", "historyId": "04a2cdbba187d4b2df24bef6ed0cad95", "testCaseId": "04a2cdbba187d4b2df24bef6ed0cad95", "fullName": "PYTEST.tests.Sales_report_mem_wise_test#test_generate_sales_report_membership_wise", "labels": [{"name": "parentSuite", "value": "PYTEST.tests"}, {"name": "suite", "value": "Sales_report_mem_wise_test"}, {"name": "host", "value": "DESKTOP-FK66NC3"}, {"name": "thread", "value": "17620-MainThread"}, {"name": "framework", "value": "pytest"}, {"name": "language", "value": "cpython3"}, {"name": "package", "value": "PYTEST.tests.Sales_report_mem_wise_test"}], "titlePath": ["PYTEST", "tests", "Sales_report_mem_wise_test.py"]}