{"name": "Create Debit Note in IMS Application", "status": "failed", "statusDetails": {"message": "Failed: ‚ùå Debit Note test failed due to: Message: no such element: Unable to locate element: {\"method\":\"xpath\",\"selector\":\"//button[normalize-space(text())='Sign In']\"}\n  (Session info: chrome=142.0.7444.176); For documentation on this error, please visit: https://www.selenium.dev/documentation/webdriver/troubleshooting/errors#nosuchelementexception\nStacktrace:\nSymbols not available. Dumping unresolved backtrace:\n\t0x894103\n\t0x894144\n\t0x69e71d\n\t0x6ea03d\n\t0x6ea41b\n\t0x7317f2\n\t0x70c954\n\t0x72ee17\n\t0x70c706\n\t0x6dda30\n\t0x6ded54\n\t0xb057b4\n\t0xb0098a\n\t0x8bc392\n\t0x8ac4c8\n\t0x8b324d\n\t0x89c478\n\t0x89c63c\n\t0x8867ca\n\t0x76075d49\n\t0x76ebd6db\n\t0x76ebd661", "trace": "setup = <selenium.webdriver.chrome.webdriver.WebDriver (session=\"49d46be186ee22af1d6e59672c12d271\")>\n\n    @allure.title(\"Create Debit Note in IMS Application\")\n    @allure.description(\"Logs in, navigates to Debit Note (Purchase Return), fills details, barcodes, and saves the entry.\")\n    def test_create_debit_note(setup):\n        driver = setup\n        wait = WebDriverWait(driver, 30)\n        login = Login(driver)\n    \n        try:\n            # --- Step 1: Login ---\n            driver.get(\"https://redmiims.variantqa.himshang.com.np/#/login\")\n            login.perform_login(\"Paras\", \"Ims@1234\")\n            print(\"‚úÖ Logged into IMS\")\n    \n            # Optional: handle previous session logout popup\n            try:\n                login.perform_logout()\n                login.perform_ok()\n            except Exception:\n                pass\n    \n>           login.click_signin()\n\nPYTEST\\tests\\Debit_note_a_test.py:29: \n_ _ _ _ _ _ _ _ _ _ _ _ _ _ _ _ _ _ _ _ _ _ _ _ _ _ _ _ _ _ _ _ _ _ _ _ _ _ _ _ _ _ _ _ _ _ _ _ _ _ _ _ _ _ _ _ _ _ _ _ _ _ _ _ _ _ _ _ _ _ _ _ _ _ _ _ _ _ _ _ _ _ _ _ _ _ _ _ _ _\nPYTEST\\pages\\Login_Page.py:44: in click_signin\n    signin_button = self.driver.find_element(\n.venv\\Lib\\site-packages\\selenium\\webdriver\\remote\\webdriver.py:926: in find_element\n    return self.execute(Command.FIND_ELEMENT, {\"using\": by, \"value\": value})[\"value\"]\n           ^^^^^^^^^^^^^^^^^^^^^^^^^^^^^^^^^^^^^^^^^^^^^^^^^^^^^^^^^^^^^^^^^\n.venv\\Lib\\site-packages\\selenium\\webdriver\\remote\\webdriver.py:458: in execute\n    self.error_handler.check_response(response)\n_ _ _ _ _ _ _ _ _ _ _ _ _ _ _ _ _ _ _ _ _ _ _ _ _ _ _ _ _ _ _ _ _ _ _ _ _ _ _ _ _ _ _ _ _ _ _ _ _ _ _ _ _ _ _ _ _ _ _ _ _ _ _ _ _ _ _ _ _ _ _ _ _ _ _ _ _ _ _ _ _ _ _ _ _ _ _ _ _ _\n\nself = <selenium.webdriver.remote.errorhandler.ErrorHandler object at 0x00000190D54205F0>\nresponse = {'status': 404, 'value': '{\"value\":{\"error\":\"no such element\",\"message\":\"no such element: Unable to locate element: {\\...x8ac4c8\\\\n\\\\t0x8b324d\\\\n\\\\t0x89c478\\\\n\\\\t0x89c63c\\\\n\\\\t0x8867ca\\\\n\\\\t0x76075d49\\\\n\\\\t0x76ebd6db\\\\n\\\\t0x76ebd661\\\\n\"}}'}\n\n    def check_response(self, response: dict[str, Any]) -> None:\n        \"\"\"Checks that a JSON response from the WebDriver does not have an\n        error.\n    \n        Args:\n            response: The JSON response from the WebDriver server as a dictionary\n                object.\n    \n        Raises:\n            WebDriverException: If the response contains an error message.\n        \"\"\"\n        status = response.get(\"status\", None)\n        if not status or status == ErrorCode.SUCCESS:\n            return\n        value = None\n        message = response.get(\"message\", \"\")\n        screen: str = response.get(\"screen\", \"\")\n        stacktrace = None\n        if isinstance(status, int):\n            value_json = response.get(\"value\", None)\n            if value_json and isinstance(value_json, str):\n                try:\n                    value = json.loads(value_json)\n                    if isinstance(value, dict):\n                        if len(value) == 1:\n                            value = value[\"value\"]\n                        status = value.get(\"error\", None)\n                        if not status:\n                            status = value.get(\"status\", ErrorCode.UNKNOWN_ERROR)\n                            message = value.get(\"value\") or value.get(\"message\")\n                            if not isinstance(message, str):\n                                value = message\n                                message = message.get(\"message\") if isinstance(message, dict) else None\n                        else:\n                            message = value.get(\"message\", None)\n                except ValueError:\n                    pass\n    \n        exception_class: type[WebDriverException]\n        e = ErrorCode()\n        error_codes = [item for item in dir(e) if not item.startswith(\"__\")]\n        for error_code in error_codes:\n            error_info = getattr(ErrorCode, error_code)\n            if isinstance(error_info, list) and status in error_info:\n                exception_class = getattr(ExceptionMapping, error_code, WebDriverException)\n                break\n        else:\n            exception_class = WebDriverException\n    \n        if not value:\n            value = response[\"value\"]\n        if isinstance(value, str):\n            raise exception_class(value)\n        if message == \"\" and \"message\" in value:\n            message = value[\"message\"]\n    \n        screen = None  # type: ignore[assignment]\n        if \"screen\" in value:\n            screen = value[\"screen\"]\n    \n        stacktrace = None\n        st_value = value.get(\"stackTrace\") or value.get(\"stacktrace\")\n        if st_value:\n            if isinstance(st_value, str):\n                stacktrace = st_value.split(\"\\n\")\n            else:\n                stacktrace = []\n                try:\n                    for frame in st_value:\n                        line = frame.get(\"lineNumber\", \"\")\n                        file = frame.get(\"fileName\", \"<anonymous>\")\n                        if line:\n                            file = f\"{file}:{line}\"\n                        meth = frame.get(\"methodName\", \"<anonymous>\")\n                        if \"className\" in frame:\n                            meth = f\"{frame['className']}.{meth}\"\n                        msg = \"    at %s (%s)\"\n                        msg = msg % (meth, file)\n                        stacktrace.append(msg)\n                except TypeError:\n                    pass\n        if exception_class == UnexpectedAlertPresentException:\n            alert_text = None\n            if \"data\" in value:\n                alert_text = value[\"data\"].get(\"text\")\n            elif \"alert\" in value:\n                alert_text = value[\"alert\"].get(\"text\")\n            raise exception_class(message, screen, stacktrace, alert_text)  # type: ignore[call-arg]  # mypy is not smart enough here\n>       raise exception_class(message, screen, stacktrace)\nE       selenium.common.exceptions.NoSuchElementException: Message: no such element: Unable to locate element: {\"method\":\"xpath\",\"selector\":\"//button[normalize-space(text())='Sign In']\"}\nE         (Session info: chrome=142.0.7444.176); For documentation on this error, please visit: https://www.selenium.dev/documentation/webdriver/troubleshooting/errors#nosuchelementexception\nE       Stacktrace:\nE       Symbols not available. Dumping unresolved backtrace:\nE       \t0x894103\nE       \t0x894144\nE       \t0x69e71d\nE       \t0x6ea03d\nE       \t0x6ea41b\nE       \t0x7317f2\nE       \t0x70c954\nE       \t0x72ee17\nE       \t0x70c706\nE       \t0x6dda30\nE       \t0x6ded54\nE       \t0xb057b4\nE       \t0xb0098a\nE       \t0x8bc392\nE       \t0x8ac4c8\nE       \t0x8b324d\nE       \t0x89c478\nE       \t0x89c63c\nE       \t0x8867ca\nE       \t0x76075d49\nE       \t0x76ebd6db\nE       \t0x76ebd661\n\n.venv\\Lib\\site-packages\\selenium\\webdriver\\remote\\errorhandler.py:233: NoSuchElementException\n\nDuring handling of the above exception, another exception occurred:\n\nsetup = <selenium.webdriver.chrome.webdriver.WebDriver (session=\"49d46be186ee22af1d6e59672c12d271\")>\n\n    @allure.title(\"Create Debit Note in IMS Application\")\n    @allure.description(\"Logs in, navigates to Debit Note (Purchase Return), fills details, barcodes, and saves the entry.\")\n    def test_create_debit_note(setup):\n        driver = setup\n        wait = WebDriverWait(driver, 30)\n        login = Login(driver)\n    \n        try:\n            # --- Step 1: Login ---\n            driver.get(\"https://redmiims.variantqa.himshang.com.np/#/login\")\n            login.perform_login(\"Paras\", \"Ims@1234\")\n            print(\"‚úÖ Logged into IMS\")\n    \n            # Optional: handle previous session logout popup\n            try:\n                login.perform_logout()\n                login.perform_ok()\n            except Exception:\n                pass\n    \n            login.click_signin()\n            print(\"‚úÖ Clicked Sign In\")\n    \n            # --- Step 2: Create Debit Note ---\n            debit_note_page = DebitNotePage(driver)\n            debit_note_page.create_debit_note()\n            print(\"üßæ Debit Note created successfully.\")\n    \n            # --- Step 3: Capture screenshot for success ---\n            allure.attach(driver.get_screenshot_as_png(), name=\"Debit_Note_Success\",\n                          attachment_type=allure.attachment_type.PNG)\n            print(\"üì∏ Screenshot captured for successful Debit Note creation.\")\n    \n        except Exception as e:\n            # üì∏ Capture screenshot & log error in Allure\n            allure.attach(driver.get_screenshot_as_png(), name=\"Debit_Note_Error\",\n                          attachment_type=allure.attachment_type.PNG)\n            allure.attach(str(e), name=\"Error Details\", attachment_type=allure.attachment_type.TEXT)\n    \n>           pytest.fail(f\"‚ùå Debit Note test failed due to: {e}\")\nE           Failed: ‚ùå Debit Note test failed due to: Message: no such element: Unable to locate element: {\"method\":\"xpath\",\"selector\":\"//button[normalize-space(text())='Sign In']\"}\nE             (Session info: chrome=142.0.7444.176); For documentation on this error, please visit: https://www.selenium.dev/documentation/webdriver/troubleshooting/errors#nosuchelementexception\nE           Stacktrace:\nE           Symbols not available. Dumping unresolved backtrace:\nE           \t0x894103\nE           \t0x894144\nE           \t0x69e71d\nE           \t0x6ea03d\nE           \t0x6ea41b\nE           \t0x7317f2\nE           \t0x70c954\nE           \t0x72ee17\nE           \t0x70c706\nE           \t0x6dda30\nE           \t0x6ded54\nE           \t0xb057b4\nE           \t0xb0098a\nE           \t0x8bc392\nE           \t0x8ac4c8\nE           \t0x8b324d\nE           \t0x89c478\nE           \t0x89c63c\nE           \t0x8867ca\nE           \t0x76075d49\nE           \t0x76ebd6db\nE           \t0x76ebd661\n\nPYTEST\\tests\\Debit_note_a_test.py:48: Failed"}, "description": "Logs in, navigates to Debit Note (Purchase Return), fills details, barcodes, and saves the entry.", "attachments": [{"name": "Debit_Note_Error", "source": "272737ee-2e45-4ba3-aa49-356a51228660-attachment.png", "type": "image/png"}, {"name": "Error Details", "source": "481827ae-0938-4c8d-975b-6e02c3cbadaf-attachment.txt", "type": "text/plain"}, {"name": "Screenshot_test_create_debit_note", "source": "71abae6f-7a98-4b16-ab5c-bfa435bdec22-attachment.png", "type": "image/png"}], "start": 1764225134906, "stop": 1764225215211, "uuid": "8bb7ac74-f574-482f-84d1-8d349ec46e55", "historyId": "668d472910e2ba3ac9ab624a3944a623", "testCaseId": "668d472910e2ba3ac9ab624a3944a623", "fullName": "PYTEST.tests.Debit_note_a_test#test_create_debit_note", "labels": [{"name": "parentSuite", "value": "PYTEST.tests"}, {"name": "suite", "value": "Debit_note_a_test"}, {"name": "host", "value": "DESKTOP-FK66NC3"}, {"name": "thread", "value": "24296-MainThread"}, {"name": "framework", "value": "pytest"}, {"name": "language", "value": "cpython3"}, {"name": "package", "value": "PYTEST.tests.Debit_note_a_test"}], "titlePath": ["PYTEST", "tests", "Debit_note_a_test.py"]}