{"name": "Create Customer in IMS Application", "status": "broken", "statusDetails": {"message": "selenium.common.exceptions.UnexpectedAlertPresentException: Alert Text: Duplicate VAT Number '901019212' detected. Duplicate Name 'Jaquline' detected. \nMessage: unexpected alert open: {Alert text : Duplicate VAT Number '901019212' detected. Duplicate Name 'Jaquline' detected. }\n  (Session info: chrome=142.0.7444.60)\nStacktrace:\nSymbols not available. Dumping unresolved backtrace:\n\t0xaa58d3\n\t0xaa5914\n\t0x8be76d\n\t0x94f7b0\n\t0x92c766\n\t0x8fdac0\n\t0x8fede4\n\t0xd27974\n\t0xd22bea\n\t0xace5c4\n\t0xabdd38\n\t0xac4d9d\n\t0xaadee8\n\t0xaae0ac\n\t0xa97d2a\n\t0x75ca5d49\n\t0x7793d6db\n\t0x7793d661", "trace": "setup = <selenium.webdriver.chrome.webdriver.WebDriver (session=\"e1acbd6692ef5927c73a4d704b141c83\")>\n\n    @allure.title(\"Create Customer in IMS Application\")\n    @allure.description(\"Logs in, navigates to Customer Master, and creates a new customer record.\")\n    def test_create_vendor(setup):\n        driver = setup\n        wait = WebDriverWait(driver, 30)\n    \n        # --- Step 1: Login ---\n        login = Login(driver)\n        driver.get(\"https://redmiims.variantqa.himshang.com.np/#/login\")\n        login.perform_login(\"Paras\", \"Ims@1234\")\n        print(\"✅ Logged into IMS\")\n    \n        # Optional: handle logout from previous session\n        try:\n            login.perform_logout()\n            login.perform_ok()\n        except:\n            pass\n    \n        login.click_signin()\n        print(\"✅ Clicked Sign In\")\n    \n        # --- Step 2: Create Customer ---\n        vendor = Vendor(driver)\n>       vendor.create_vendor(\n            name=\"Jaquline\",\n            address=\"Los Angeles USA\",\n            vat_no=\"901019212\",\n            email=\"LAggfu@gmail.com\",\n            mobile=\"9101122383\"\n        )\n\nPYTEST\\tests\\test_Vendor.py:36: \n_ _ _ _ _ _ _ _ _ _ _ _ _ _ _ _ _ _ _ _ _ _ _ _ _ _ _ _ _ _ _ _ _ _ _ _ _ _ _ _ _ _ _ _ _ _ _ _ _ _ _ _ _ _ _ _ _ _ _ _ _ _ _ _ _ _ _ _ _ _ _ _ _ _ _ _ _ _ _ _ _ _ _ _ _ _ _ _ _ _\nPYTEST\\pages\\Add_Vendor.py:65: in create_vendor\n    self.wait.until(\n.venv\\Lib\\site-packages\\selenium\\webdriver\\support\\wait.py:129: in until\n    value = method(self._driver)\n            ^^^^^^^^^^^^^^^^^^^^\n.venv\\Lib\\site-packages\\selenium\\webdriver\\support\\expected_conditions.py:104: in _predicate\n    return driver.find_element(*locator)\n           ^^^^^^^^^^^^^^^^^^^^^^^^^^^^^\n.venv\\Lib\\site-packages\\selenium\\webdriver\\remote\\webdriver.py:926: in find_element\n    return self.execute(Command.FIND_ELEMENT, {\"using\": by, \"value\": value})[\"value\"]\n           ^^^^^^^^^^^^^^^^^^^^^^^^^^^^^^^^^^^^^^^^^^^^^^^^^^^^^^^^^^^^^^^^^\n.venv\\Lib\\site-packages\\selenium\\webdriver\\remote\\webdriver.py:458: in execute\n    self.error_handler.check_response(response)\n_ _ _ _ _ _ _ _ _ _ _ _ _ _ _ _ _ _ _ _ _ _ _ _ _ _ _ _ _ _ _ _ _ _ _ _ _ _ _ _ _ _ _ _ _ _ _ _ _ _ _ _ _ _ _ _ _ _ _ _ _ _ _ _ _ _ _ _ _ _ _ _ _ _ _ _ _ _ _ _ _ _ _ _ _ _ _ _ _ _\n\nself = <selenium.webdriver.remote.errorhandler.ErrorHandler object at 0x000001DC7055EA50>\nresponse = {'status': 500, 'value': '{\"value\":{\"data\":{\"text\":\"Duplicate VAT Number \\'901019212\\' detected. Duplicate Name \\'Jaqu...xabdd38\\\\n\\\\t0xac4d9d\\\\n\\\\t0xaadee8\\\\n\\\\t0xaae0ac\\\\n\\\\t0xa97d2a\\\\n\\\\t0x75ca5d49\\\\n\\\\t0x7793d6db\\\\n\\\\t0x7793d661\\\\n\"}}'}\n\n    def check_response(self, response: dict[str, Any]) -> None:\n        \"\"\"Checks that a JSON response from the WebDriver does not have an\n        error.\n    \n        Args:\n            response: The JSON response from the WebDriver server as a dictionary\n                object.\n    \n        Raises:\n            WebDriverException: If the response contains an error message.\n        \"\"\"\n        status = response.get(\"status\", None)\n        if not status or status == ErrorCode.SUCCESS:\n            return\n        value = None\n        message = response.get(\"message\", \"\")\n        screen: str = response.get(\"screen\", \"\")\n        stacktrace = None\n        if isinstance(status, int):\n            value_json = response.get(\"value\", None)\n            if value_json and isinstance(value_json, str):\n                try:\n                    value = json.loads(value_json)\n                    if isinstance(value, dict):\n                        if len(value) == 1:\n                            value = value[\"value\"]\n                        status = value.get(\"error\", None)\n                        if not status:\n                            status = value.get(\"status\", ErrorCode.UNKNOWN_ERROR)\n                            message = value.get(\"value\") or value.get(\"message\")\n                            if not isinstance(message, str):\n                                value = message\n                                message = message.get(\"message\") if isinstance(message, dict) else None\n                        else:\n                            message = value.get(\"message\", None)\n                except ValueError:\n                    pass\n    \n        exception_class: type[WebDriverException]\n        e = ErrorCode()\n        error_codes = [item for item in dir(e) if not item.startswith(\"__\")]\n        for error_code in error_codes:\n            error_info = getattr(ErrorCode, error_code)\n            if isinstance(error_info, list) and status in error_info:\n                exception_class = getattr(ExceptionMapping, error_code, WebDriverException)\n                break\n        else:\n            exception_class = WebDriverException\n    \n        if not value:\n            value = response[\"value\"]\n        if isinstance(value, str):\n            raise exception_class(value)\n        if message == \"\" and \"message\" in value:\n            message = value[\"message\"]\n    \n        screen = None  # type: ignore[assignment]\n        if \"screen\" in value:\n            screen = value[\"screen\"]\n    \n        stacktrace = None\n        st_value = value.get(\"stackTrace\") or value.get(\"stacktrace\")\n        if st_value:\n            if isinstance(st_value, str):\n                stacktrace = st_value.split(\"\\n\")\n            else:\n                stacktrace = []\n                try:\n                    for frame in st_value:\n                        line = frame.get(\"lineNumber\", \"\")\n                        file = frame.get(\"fileName\", \"<anonymous>\")\n                        if line:\n                            file = f\"{file}:{line}\"\n                        meth = frame.get(\"methodName\", \"<anonymous>\")\n                        if \"className\" in frame:\n                            meth = f\"{frame['className']}.{meth}\"\n                        msg = \"    at %s (%s)\"\n                        msg = msg % (meth, file)\n                        stacktrace.append(msg)\n                except TypeError:\n                    pass\n        if exception_class == UnexpectedAlertPresentException:\n            alert_text = None\n            if \"data\" in value:\n                alert_text = value[\"data\"].get(\"text\")\n            elif \"alert\" in value:\n                alert_text = value[\"alert\"].get(\"text\")\n>           raise exception_class(message, screen, stacktrace, alert_text)  # type: ignore[call-arg]  # mypy is not smart enough here\n            ^^^^^^^^^^^^^^^^^^^^^^^^^^^^^^^^^^^^^^^^^^^^^^^^^^^^^^^^^^^^^^\nE           selenium.common.exceptions.UnexpectedAlertPresentException: Alert Text: Duplicate VAT Number '901019212' detected. Duplicate Name 'Jaquline' detected. \nE           Message: unexpected alert open: {Alert text : Duplicate VAT Number '901019212' detected. Duplicate Name 'Jaquline' detected. }\nE             (Session info: chrome=142.0.7444.60)\nE           Stacktrace:\nE           Symbols not available. Dumping unresolved backtrace:\nE           \t0xaa58d3\nE           \t0xaa5914\nE           \t0x8be76d\nE           \t0x94f7b0\nE           \t0x92c766\nE           \t0x8fdac0\nE           \t0x8fede4\nE           \t0xd27974\nE           \t0xd22bea\nE           \t0xace5c4\nE           \t0xabdd38\nE           \t0xac4d9d\nE           \t0xaadee8\nE           \t0xaae0ac\nE           \t0xa97d2a\nE           \t0x75ca5d49\nE           \t0x7793d6db\nE           \t0x7793d661\n\n.venv\\Lib\\site-packages\\selenium\\webdriver\\remote\\errorhandler.py:232: UnexpectedAlertPresentException"}, "description": "Logs in, navigates to Customer Master, and creates a new customer record.", "steps": [{"name": "Create a new customer", "status": "broken", "statusDetails": {"message": "selenium.common.exceptions.UnexpectedAlertPresentException: Alert Text: Duplicate VAT Number '901019212' detected. Duplicate Name 'Jaquline' detected. \nMessage: unexpected alert open: {Alert text : Duplicate VAT Number '901019212' detected. Duplicate Name 'Jaquline' detected. }\n  (Session info: chrome=142.0.7444.60)\nStacktrace:\nSymbols not available. Dumping unresolved backtrace:\n\t0xaa58d3\n\t0xaa5914\n\t0x8be76d\n\t0x94f7b0\n\t0x92c766\n\t0x8fdac0\n\t0x8fede4\n\t0xd27974\n\t0xd22bea\n\t0xace5c4\n\t0xabdd38\n\t0xac4d9d\n\t0xaadee8\n\t0xaae0ac\n\t0xa97d2a\n\t0x75ca5d49\n\t0x7793d6db\n\t0x7793d661\n\n", "trace": "  File \"d:\\Code Playground\\Selenium Tutorial\\.venv\\Lib\\site-packages\\allure_commons\\_allure.py\", line 202, in impl\n    return func(*a, **kw)\n  File \"D:\\Code Playground\\Selenium Tutorial\\PYTEST\\pages\\Add_Vendor.py\", line 65, in create_vendor\n    self.wait.until(\n    ~~~~~~~~~~~~~~~^\n        EC.presence_of_element_located((By.XPATH, \"//div[contains(text(),'Vendor saved successfully')]\"))\n        ^^^^^^^^^^^^^^^^^^^^^^^^^^^^^^^^^^^^^^^^^^^^^^^^^^^^^^^^^^^^^^^^^^^^^^^^^^^^^^^^^^^^^^^^^^^^^^^^^\n    )\n    ^\n  File \"d:\\Code Playground\\Selenium Tutorial\\.venv\\Lib\\site-packages\\selenium\\webdriver\\support\\wait.py\", line 129, in until\n    value = method(self._driver)\n  File \"d:\\Code Playground\\Selenium Tutorial\\.venv\\Lib\\site-packages\\selenium\\webdriver\\support\\expected_conditions.py\", line 104, in _predicate\n    return driver.find_element(*locator)\n           ~~~~~~~~~~~~~~~~~~~^^^^^^^^^^\n  File \"d:\\Code Playground\\Selenium Tutorial\\.venv\\Lib\\site-packages\\selenium\\webdriver\\remote\\webdriver.py\", line 926, in find_element\n    return self.execute(Command.FIND_ELEMENT, {\"using\": by, \"value\": value})[\"value\"]\n           ~~~~~~~~~~~~^^^^^^^^^^^^^^^^^^^^^^^^^^^^^^^^^^^^^^^^^^^^^^^^^^^^^\n  File \"d:\\Code Playground\\Selenium Tutorial\\.venv\\Lib\\site-packages\\selenium\\webdriver\\remote\\webdriver.py\", line 458, in execute\n    self.error_handler.check_response(response)\n    ~~~~~~~~~~~~~~~~~~~~~~~~~~~~~~~~~^^^^^^^^^^\n  File \"d:\\Code Playground\\Selenium Tutorial\\.venv\\Lib\\site-packages\\selenium\\webdriver\\remote\\errorhandler.py\", line 232, in check_response\n    raise exception_class(message, screen, stacktrace, alert_text)  # type: ignore[call-arg]  # mypy is not smart enough here\n    ^^^^^^^^^^^^^^^^^^^^^^^^^^^^^^^^^^^^^^^^^^^^^^^^^^^^^^^^^^^^^^\n"}, "steps": [{"name": "Hover and click an element", "status": "passed", "parameters": [{"name": "element", "value": "<selenium.webdriver.remote.webelement.WebElement (session=\"e1acbd6692ef5927c73a4d704b141c83\", element=\"f.29EAD3516C37AC7A9FF0250A21B32834.d.ED300859562C6B775C0D2DC9FA50570E.e.31\")>"}], "start": 1762429679511, "stop": 1762429679790}, {"name": "Scroll and click element", "status": "passed", "parameters": [{"name": "element", "value": "<selenium.webdriver.remote.webelement.WebElement (session=\"e1acbd6692ef5927c73a4d704b141c83\", element=\"f.29EAD3516C37AC7A9FF0250A21B32834.d.ED300859562C6B775C0D2DC9FA50570E.e.42\")>"}], "start": 1762429679950, "stop": 1762429680553}, {"name": "Scroll and click element", "status": "passed", "parameters": [{"name": "element", "value": "<selenium.webdriver.remote.webelement.WebElement (session=\"e1acbd6692ef5927c73a4d704b141c83\", element=\"f.29EAD3516C37AC7A9FF0250A21B32834.d.ED300859562C6B775C0D2DC9FA50570E.e.87\")>"}], "start": 1762429681926, "stop": 1762429682488}], "parameters": [{"name": "name", "value": "'Jaquline'"}, {"name": "address", "value": "'Los Angeles USA'"}, {"name": "vat_no", "value": "'901019212'"}, {"name": "email", "value": "'LAggfu@gmail.com'"}, {"name": "mobile", "value": "'9101122383'"}], "start": 1762429678227, "stop": 1762429683522}], "attachments": [{"name": "Screenshot_test_create_vendor", "source": "c7601c7b-e778-4861-ab41-841c01b12463-attachment.png", "type": "image/png"}], "start": 1762429672683, "stop": 1762429683527, "uuid": "7a5ebe56-b29a-4086-bf38-4dbf67958355", "historyId": "bb20b440c69757c41fd5c7fd09341dba", "testCaseId": "bb20b440c69757c41fd5c7fd09341dba", "fullName": "PYTEST.tests.test_Vendor#test_create_vendor", "labels": [{"name": "parentSuite", "value": "PYTEST.tests"}, {"name": "suite", "value": "test_Vendor"}, {"name": "host", "value": "DESKTOP-FK66NC3"}, {"name": "thread", "value": "23424-MainThread"}, {"name": "framework", "value": "pytest"}, {"name": "language", "value": "cpython3"}, {"name": "package", "value": "PYTEST.tests.test_Vendor"}], "titlePath": ["PYTEST", "tests", "test_Vendor.py"]}