{"name": "Generate Credit Note in IMS Application", "status": "failed", "statusDetails": {"message": "Failed: ‚ùå Credit Note test failed due to: Message: element click intercepted: Element <input _ngcontent-xnk-c394=\"\" id=\"refbill\" type=\"text\" autocomplete=\"off\" placeholder=\"Please Enter To Select Ref Bill No\" style=\"width: 64%;\" readonly=\"\" class=\"ng-untouched ng-pristine ng-valid ng-star-inserted\"> is not clickable at point (315, 184). Other element would receive the click: <span _ngcontent-xnk-c230=\"\">...</span>\n  (Session info: chrome=142.0.7444.176); For documentation on this error, please visit: https://www.selenium.dev/documentation/webdriver/troubleshooting/errors#elementclickinterceptedexception\nStacktrace:\nSymbols not available. Dumping unresolved backtrace:\n\t0xdd4103\n\t0xdd4144\n\t0xbde71d\n\t0xc30580\n\t0xc2e8e3\n\t0xc2c387\n\t0xc2b5fd\n\t0xc1fd65\n\t0xc4c90c\n\t0xc1f7c4\n\t0xc4cac4\n\t0xc6ee17\n\t0xc4c706\n\t0xc1da30\n\t0xc1ed54\n\t0x10457b4\n\t0x104098a\n\t0xdfc392\n\t0xdec4c8\n\t0xdf324d\n\t0xddc478\n\t0xddc63c\n\t0xdc67ca\n\t0x76075d49\n\t0x76ebd6db\n\t0x76ebd661", "trace": "setup = <selenium.webdriver.chrome.webdriver.WebDriver (session=\"7fc559e75e0f8cb395c5df9d1a38fadf\")>\n\n    @allure.title(\"Generate Credit Note in IMS Application\")\n    @allure.description(\"Logs in, navigates to the Credit Note section, selects a Ref Bill, and saves the Credit Note.\")\n    def test_generate_credit_note(setup):\n        driver = setup\n        wait = WebDriverWait(driver, 30)\n        login = Login(driver)\n    \n        try:\n            # --- Step 1: Login ---\n            driver.get(\"https://redmiims.variantqa.himshang.com.np/#/login\")\n            login.perform_login(\"Paras\", \"Ims@1234\")\n            print(\"‚úÖ Logged into IMS\")\n    \n            # Optional: handle logout from previous session\n            try:\n                login.perform_logout()\n                login.perform_ok()\n            except Exception:\n                pass\n    \n            login.click_signin()\n            print(\"‚úÖ Clicked Sign In\")\n    \n            # --- Step 2: Create Credit Note ---\n            credit_note_page = CreditNotePage(driver)\n>           credit_note_page.create_credit_note()\n\nPYTEST\\tests\\Credit_note_test.py:34: \n_ _ _ _ _ _ _ _ _ _ _ _ _ _ _ _ _ _ _ _ _ _ _ _ _ _ _ _ _ _ _ _ _ _ _ _ _ _ _ _ _ _ _ _ _ _ _ _ _ _ _ _ _ _ _ _ _ _ _ _ _ _ _ _ _ _ _ _ _ _ _ _ _ _ _ _ _ _ _ _ _ _ _ _ _ _ _ _ _ _\nPYTEST\\pages\\Credit_note.py:54: in create_credit_note\n    ref_bill_field.click()\n.venv\\Lib\\site-packages\\selenium\\webdriver\\remote\\webelement.py:119: in click\n    self._execute(Command.CLICK_ELEMENT)\n.venv\\Lib\\site-packages\\selenium\\webdriver\\remote\\webelement.py:572: in _execute\n    return self._parent.execute(command, params)\n           ^^^^^^^^^^^^^^^^^^^^^^^^^^^^^^^^^^^^^\n.venv\\Lib\\site-packages\\selenium\\webdriver\\remote\\webdriver.py:458: in execute\n    self.error_handler.check_response(response)\n_ _ _ _ _ _ _ _ _ _ _ _ _ _ _ _ _ _ _ _ _ _ _ _ _ _ _ _ _ _ _ _ _ _ _ _ _ _ _ _ _ _ _ _ _ _ _ _ _ _ _ _ _ _ _ _ _ _ _ _ _ _ _ _ _ _ _ _ _ _ _ _ _ _ _ _ _ _ _ _ _ _ _ _ _ _ _ _ _ _\n\nself = <selenium.webdriver.remote.errorhandler.ErrorHandler object at 0x000001F9E0475CD0>\nresponse = {'status': 400, 'value': '{\"value\":{\"error\":\"element click intercepted\",\"message\":\"element click intercepted: Element ...xdec4c8\\\\n\\\\t0xdf324d\\\\n\\\\t0xddc478\\\\n\\\\t0xddc63c\\\\n\\\\t0xdc67ca\\\\n\\\\t0x76075d49\\\\n\\\\t0x76ebd6db\\\\n\\\\t0x76ebd661\\\\n\"}}'}\n\n    def check_response(self, response: dict[str, Any]) -> None:\n        \"\"\"Checks that a JSON response from the WebDriver does not have an\n        error.\n    \n        Args:\n            response: The JSON response from the WebDriver server as a dictionary\n                object.\n    \n        Raises:\n            WebDriverException: If the response contains an error message.\n        \"\"\"\n        status = response.get(\"status\", None)\n        if not status or status == ErrorCode.SUCCESS:\n            return\n        value = None\n        message = response.get(\"message\", \"\")\n        screen: str = response.get(\"screen\", \"\")\n        stacktrace = None\n        if isinstance(status, int):\n            value_json = response.get(\"value\", None)\n            if value_json and isinstance(value_json, str):\n                try:\n                    value = json.loads(value_json)\n                    if isinstance(value, dict):\n                        if len(value) == 1:\n                            value = value[\"value\"]\n                        status = value.get(\"error\", None)\n                        if not status:\n                            status = value.get(\"status\", ErrorCode.UNKNOWN_ERROR)\n                            message = value.get(\"value\") or value.get(\"message\")\n                            if not isinstance(message, str):\n                                value = message\n                                message = message.get(\"message\") if isinstance(message, dict) else None\n                        else:\n                            message = value.get(\"message\", None)\n                except ValueError:\n                    pass\n    \n        exception_class: type[WebDriverException]\n        e = ErrorCode()\n        error_codes = [item for item in dir(e) if not item.startswith(\"__\")]\n        for error_code in error_codes:\n            error_info = getattr(ErrorCode, error_code)\n            if isinstance(error_info, list) and status in error_info:\n                exception_class = getattr(ExceptionMapping, error_code, WebDriverException)\n                break\n        else:\n            exception_class = WebDriverException\n    \n        if not value:\n            value = response[\"value\"]\n        if isinstance(value, str):\n            raise exception_class(value)\n        if message == \"\" and \"message\" in value:\n            message = value[\"message\"]\n    \n        screen = None  # type: ignore[assignment]\n        if \"screen\" in value:\n            screen = value[\"screen\"]\n    \n        stacktrace = None\n        st_value = value.get(\"stackTrace\") or value.get(\"stacktrace\")\n        if st_value:\n            if isinstance(st_value, str):\n                stacktrace = st_value.split(\"\\n\")\n            else:\n                stacktrace = []\n                try:\n                    for frame in st_value:\n                        line = frame.get(\"lineNumber\", \"\")\n                        file = frame.get(\"fileName\", \"<anonymous>\")\n                        if line:\n                            file = f\"{file}:{line}\"\n                        meth = frame.get(\"methodName\", \"<anonymous>\")\n                        if \"className\" in frame:\n                            meth = f\"{frame['className']}.{meth}\"\n                        msg = \"    at %s (%s)\"\n                        msg = msg % (meth, file)\n                        stacktrace.append(msg)\n                except TypeError:\n                    pass\n        if exception_class == UnexpectedAlertPresentException:\n            alert_text = None\n            if \"data\" in value:\n                alert_text = value[\"data\"].get(\"text\")\n            elif \"alert\" in value:\n                alert_text = value[\"alert\"].get(\"text\")\n            raise exception_class(message, screen, stacktrace, alert_text)  # type: ignore[call-arg]  # mypy is not smart enough here\n>       raise exception_class(message, screen, stacktrace)\nE       selenium.common.exceptions.ElementClickInterceptedException: Message: element click intercepted: Element <input _ngcontent-xnk-c394=\"\" id=\"refbill\" type=\"text\" autocomplete=\"off\" placeholder=\"Please Enter To Select Ref Bill No\" style=\"width: 64%;\" readonly=\"\" class=\"ng-untouched ng-pristine ng-valid ng-star-inserted\"> is not clickable at point (315, 184). Other element would receive the click: <span _ngcontent-xnk-c230=\"\">...</span>\nE         (Session info: chrome=142.0.7444.176); For documentation on this error, please visit: https://www.selenium.dev/documentation/webdriver/troubleshooting/errors#elementclickinterceptedexception\nE       Stacktrace:\nE       Symbols not available. Dumping unresolved backtrace:\nE       \t0xdd4103\nE       \t0xdd4144\nE       \t0xbde71d\nE       \t0xc30580\nE       \t0xc2e8e3\nE       \t0xc2c387\nE       \t0xc2b5fd\nE       \t0xc1fd65\nE       \t0xc4c90c\nE       \t0xc1f7c4\nE       \t0xc4cac4\nE       \t0xc6ee17\nE       \t0xc4c706\nE       \t0xc1da30\nE       \t0xc1ed54\nE       \t0x10457b4\nE       \t0x104098a\nE       \t0xdfc392\nE       \t0xdec4c8\nE       \t0xdf324d\nE       \t0xddc478\nE       \t0xddc63c\nE       \t0xdc67ca\nE       \t0x76075d49\nE       \t0x76ebd6db\nE       \t0x76ebd661\n\n.venv\\Lib\\site-packages\\selenium\\webdriver\\remote\\errorhandler.py:233: ElementClickInterceptedException\n\nDuring handling of the above exception, another exception occurred:\n\nsetup = <selenium.webdriver.chrome.webdriver.WebDriver (session=\"7fc559e75e0f8cb395c5df9d1a38fadf\")>\n\n    @allure.title(\"Generate Credit Note in IMS Application\")\n    @allure.description(\"Logs in, navigates to the Credit Note section, selects a Ref Bill, and saves the Credit Note.\")\n    def test_generate_credit_note(setup):\n        driver = setup\n        wait = WebDriverWait(driver, 30)\n        login = Login(driver)\n    \n        try:\n            # --- Step 1: Login ---\n            driver.get(\"https://redmiims.variantqa.himshang.com.np/#/login\")\n            login.perform_login(\"Paras\", \"Ims@1234\")\n            print(\"‚úÖ Logged into IMS\")\n    \n            # Optional: handle logout from previous session\n            try:\n                login.perform_logout()\n                login.perform_ok()\n            except Exception:\n                pass\n    \n            login.click_signin()\n            print(\"‚úÖ Clicked Sign In\")\n    \n            # --- Step 2: Create Credit Note ---\n            credit_note_page = CreditNotePage(driver)\n            credit_note_page.create_credit_note()\n            print(\"üßæ Credit Note created successfully.\")\n    \n            # --- Step 3: Capture screenshot after successful Credit Note creation ---\n            allure.attach(driver.get_screenshot_as_png(), name=\"Credit_Note_Success_Screenshot\",\n                          attachment_type=allure.attachment_type.PNG)\n            print(\"üì∏ Screenshot captured for successful Credit Note creation.\")\n    \n        except Exception as e:\n            # üì∏ Capture screenshot & log error in Allure\n            allure.attach(driver.get_screenshot_as_png(), name=\"Error Screenshot\",\n                          attachment_type=allure.attachment_type.PNG)\n            allure.attach(str(e), name=\"Error Details\",\n                          attachment_type=allure.attachment_type.TEXT)\n>           pytest.fail(f\"‚ùå Credit Note test failed due to: {e}\")\nE           Failed: ‚ùå Credit Note test failed due to: Message: element click intercepted: Element <input _ngcontent-xnk-c394=\"\" id=\"refbill\" type=\"text\" autocomplete=\"off\" placeholder=\"Please Enter To Select Ref Bill No\" style=\"width: 64%;\" readonly=\"\" class=\"ng-untouched ng-pristine ng-valid ng-star-inserted\"> is not clickable at point (315, 184). Other element would receive the click: <span _ngcontent-xnk-c230=\"\">...</span>\nE             (Session info: chrome=142.0.7444.176); For documentation on this error, please visit: https://www.selenium.dev/documentation/webdriver/troubleshooting/errors#elementclickinterceptedexception\nE           Stacktrace:\nE           Symbols not available. Dumping unresolved backtrace:\nE           \t0xdd4103\nE           \t0xdd4144\nE           \t0xbde71d\nE           \t0xc30580\nE           \t0xc2e8e3\nE           \t0xc2c387\nE           \t0xc2b5fd\nE           \t0xc1fd65\nE           \t0xc4c90c\nE           \t0xc1f7c4\nE           \t0xc4cac4\nE           \t0xc6ee17\nE           \t0xc4c706\nE           \t0xc1da30\nE           \t0xc1ed54\nE           \t0x10457b4\nE           \t0x104098a\nE           \t0xdfc392\nE           \t0xdec4c8\nE           \t0xdf324d\nE           \t0xddc478\nE           \t0xddc63c\nE           \t0xdc67ca\nE           \t0x76075d49\nE           \t0x76ebd6db\nE           \t0x76ebd661\n\nPYTEST\\tests\\Credit_note_test.py:48: Failed"}, "description": "Logs in, navigates to the Credit Note section, selects a Ref Bill, and saves the Credit Note.", "steps": [{"name": "Create Credit Note Entry", "status": "broken", "statusDetails": {"message": "selenium.common.exceptions.ElementClickInterceptedException: Message: element click intercepted: Element <input _ngcontent-xnk-c394=\"\" id=\"refbill\" type=\"text\" autocomplete=\"off\" placeholder=\"Please Enter To Select Ref Bill No\" style=\"width: 64%;\" readonly=\"\" class=\"ng-untouched ng-pristine ng-valid ng-star-inserted\"> is not clickable at point (315, 184). Other element would receive the click: <span _ngcontent-xnk-c230=\"\">...</span>\n  (Session info: chrome=142.0.7444.176); For documentation on this error, please visit: https://www.selenium.dev/documentation/webdriver/troubleshooting/errors#elementclickinterceptedexception\nStacktrace:\nSymbols not available. Dumping unresolved backtrace:\n\t0xdd4103\n\t0xdd4144\n\t0xbde71d\n\t0xc30580\n\t0xc2e8e3\n\t0xc2c387\n\t0xc2b5fd\n\t0xc1fd65\n\t0xc4c90c\n\t0xc1f7c4\n\t0xc4cac4\n\t0xc6ee17\n\t0xc4c706\n\t0xc1da30\n\t0xc1ed54\n\t0x10457b4\n\t0x104098a\n\t0xdfc392\n\t0xdec4c8\n\t0xdf324d\n\t0xddc478\n\t0xddc63c\n\t0xdc67ca\n\t0x76075d49\n\t0x76ebd6db\n\t0x76ebd661\n\n", "trace": "  File \"d:\\Code Playground\\Selenium Tutorial\\.venv\\Lib\\site-packages\\allure_commons\\_allure.py\", line 202, in impl\n    return func(*a, **kw)\n  File \"D:\\Code Playground\\Selenium Tutorial\\PYTEST\\pages\\Credit_note.py\", line 54, in create_credit_note\n    ref_bill_field.click()\n    ~~~~~~~~~~~~~~~~~~~~^^\n  File \"d:\\Code Playground\\Selenium Tutorial\\.venv\\Lib\\site-packages\\selenium\\webdriver\\remote\\webelement.py\", line 119, in click\n    self._execute(Command.CLICK_ELEMENT)\n    ~~~~~~~~~~~~~^^^^^^^^^^^^^^^^^^^^^^^\n  File \"d:\\Code Playground\\Selenium Tutorial\\.venv\\Lib\\site-packages\\selenium\\webdriver\\remote\\webelement.py\", line 572, in _execute\n    return self._parent.execute(command, params)\n           ~~~~~~~~~~~~~~~~~~~~^^^^^^^^^^^^^^^^^\n  File \"d:\\Code Playground\\Selenium Tutorial\\.venv\\Lib\\site-packages\\selenium\\webdriver\\remote\\webdriver.py\", line 458, in execute\n    self.error_handler.check_response(response)\n    ~~~~~~~~~~~~~~~~~~~~~~~~~~~~~~~~~^^^^^^^^^^\n  File \"d:\\Code Playground\\Selenium Tutorial\\.venv\\Lib\\site-packages\\selenium\\webdriver\\remote\\errorhandler.py\", line 233, in check_response\n    raise exception_class(message, screen, stacktrace)\n"}, "start": 1764067959605, "stop": 1764067968215}], "attachments": [{"name": "Error Screenshot", "source": "ec4026f8-5352-44dc-9e04-356be91cb4dc-attachment.png", "type": "image/png"}, {"name": "Error Details", "source": "b82b15df-cce0-4b8b-bd7e-59a0ab64dd9b-attachment.txt", "type": "text/plain"}, {"name": "Screenshot_test_generate_credit_note", "source": "505d8fa1-1afb-435c-8a1f-b7592c3696f3-attachment.png", "type": "image/png"}], "start": 1764067952713, "stop": 1764067968444, "uuid": "df6d1f33-87bc-464f-a0c1-c2d76fa2f471", "historyId": "3da891ca67b5e1d07d7431ee51745639", "testCaseId": "3da891ca67b5e1d07d7431ee51745639", "fullName": "PYTEST.tests.Credit_note_test#test_generate_credit_note", "labels": [{"name": "parentSuite", "value": "PYTEST.tests"}, {"name": "suite", "value": "Credit_note_test"}, {"name": "host", "value": "DESKTOP-FK66NC3"}, {"name": "thread", "value": "13940-MainThread"}, {"name": "framework", "value": "pytest"}, {"name": "language", "value": "cpython3"}, {"name": "package", "value": "PYTEST.tests.Credit_note_test"}], "titlePath": ["PYTEST", "tests", "Credit_note_test.py"]}